Watching for file changes with StatReloader
Waiting for apps ready_event.
Apps ready_event triggered. Sending autoreload_started signal.
Watching dir C:\test\Scripts\hello_django\locale with glob **/*.mo.
Watching dir C:\test\Scripts\hello_django\myhello\locale with glob **/*.mo.
File C:\test\Lib\site-packages\django\db\models\fields\related_descriptors.py first seen with mtime 1622048035.1402383
File C:\Python39\Lib\json\decoder.py first seen with mtime 1620034494.0
File C:\Python39\Lib\importlib\machinery.py first seen with mtime 1620034494.0
File C:\Python39\Lib\wsgiref\simple_server.py first seen with mtime 1620034496.0
File C:\Python39\Lib\email\mime\message.py first seen with mtime 1620034494.0
File C:\Python39\Lib\encodings\latin_1.py first seen with mtime 1620034494.0
File C:\test\Lib\site-packages\django\template\base.py first seen with mtime 1622048035.2319932
File C:\test\Lib\site-packages\django\db\models\base.py first seen with mtime 1622048035.120114
File C:\test\Lib\site-packages\django\db\models\expressions.py first seen with mtime 1622048035.1252787
File C:\test\Lib\site-packages\django\core\files\base.py first seen with mtime 1622048034.9894018
File C:\test\Lib\site-packages\django\contrib\sites\__init__.py first seen with mtime 1622048034.744312
File C:\Python39\Lib\email\utils.py first seen with mtime 1620034494.0
File C:\Python39\Lib\ctypes\__init__.py first seen with mtime 1620034494.0
File C:\Python39\Lib\encodings\cp950.py first seen with mtime 1620034494.0
File C:\test\Lib\site-packages\django\db\models\functions\math.py first seen with mtime 1622048035.1462226
File C:\test\Lib\site-packages\sqlparse\filters\aligned_indent.py first seen with mtime 1622048030.682248
File C:\test\Lib\site-packages\django\core\files\uploadhandler.py first seen with mtime 1622048034.996383
File C:\Python39\Lib\_compression.py first seen with mtime 1620034494.0
File C:\Python39\Lib\sre_compile.py first seen with mtime 1620034494.0
File C:\test\Lib\site-packages\django\utils\dateformat.py first seen with mtime 1622048035.2817273
File C:\test\Lib\site-packages\django\middleware\__init__.py first seen with mtime 1622048035.2220204
File C:\test\Lib\site-packages\django\db\migrations\operations\__init__.py first seen with mtime 1622048035.112135
File C:\test\Lib\site-packages\asgiref\__init__.py first seen with mtime 1622048031.6220472
File C:\test\Lib\site-packages\django\db\models\sql\datastructures.py first seen with mtime 1622048035.1532042
File C:\Python39\Lib\fnmatch.py first seen with mtime 1620034494.0
File C:\test\Lib\site-packages\django\contrib\staticfiles\__init__.py first seen with mtime 1622048034.9440324
File C:\test\Lib\site-packages\django\utils\hashable.py first seen with mtime 1622048035.292698
File C:\Python39\Lib\asyncio\sslproto.py first seen with mtime 1620034494.0
File C:\test\Lib\site-packages\django\db\migrations\migration.py first seen with mtime 1622048035.1041567
File C:\test\Lib\site-packages\django\db\backends\signals.py first seen with mtime 1622048035.049914
File C:\Python39\Lib\asyncio\staggered.py first seen with mtime 1620034494.0
File C:\test\Lib\site-packages\django\db\migrations\state.py first seen with mtime 1622048035.1091435
File C:\test\Lib\site-packages\django\template\__init__.py first seen with mtime 1622048035.2299986
File C:\test\Lib\site-packages\django\db\models\__init__.py first seen with mtime 1622048035.1181314
File C:\Python39\Lib\unittest\__init__.py first seen with mtime 1620034496.0
File C:\test\Lib\site-packages\django\db\models\constraints.py first seen with mtime 1622048035.1222847
File C:\Python39\Lib\asyncio\base_tasks.py first seen with mtime 1620034494.0
File C:\Python39\Lib\genericpath.py first seen with mtime 1620034494.0
File C:\Python39\Lib\distutils\__init__.py first seen with mtime 1620034494.0
File C:\test\Lib\site-packages\django\core\files\__init__.py first seen with mtime 1622048034.9884164
File C:\Python39\Lib\bisect.py first seen with mtime 1620034494.0
File C:\test\Lib\site-packages\django\db\models\functions\datetime.py first seen with mtime 1622048035.1452253
File C:\Python39\Lib\collections\__init__.py first seen with mtime 1620034494.0
File C:\test\Lib\site-packages\django\utils\datastructures.py first seen with mtime 1622048035.28073
File C:\Python39\Lib\logging\handlers.py first seen with mtime 1620034494.0
File C:\Python39\Lib\urllib\request.py first seen with mtime 1620034496.0
File C:\test\Lib\site-packages\django\views\csrf.py first seen with mtime 1622048035.3176315
File C:\Python39\Lib\email\errors.py first seen with mtime 1620034494.0
File C:\test\Lib\site-packages\django\views\decorators\common.py first seen with mtime 1622048035.3296072
File C:\test\Lib\site-packages\django\core\mail\utils.py first seen with mtime 1622048035.0043614
File C:\Python39\Lib\importlib\abc.py first seen with mtime 1620034494.0
File C:\test\Lib\site-packages\django\core\serializers\python.py first seen with mtime 1622048035.0419233
File C:\test\Lib\site-packages\django\core\cache\backends\base.py first seen with mtime 1622048034.970453
File C:\test\Lib\site-packages\django\db\models\functions\window.py first seen with mtime 1622048035.148218
File C:\test\Lib\site-packages\django\core\files\uploadedfile.py first seen with mtime 1622048034.995386
File C:\test\Lib\site-packages\django\middleware\cache.py first seen with mtime 1622048035.223017
File C:\test\Lib\site-packages\django\contrib\admin\templatetags\admin_urls.py first seen with mtime 1622048032.7095866
File C:\Python39\Lib\unittest\util.py first seen with mtime 1620034496.0
File C:\Python39\Lib\re.py first seen with mtime 1620034494.0
File C:\test\Lib\site-packages\django\apps\registry.py first seen with mtime 1622048031.7665732
File C:\test\Lib\site-packages\django\core\validators.py first seen with mtime 1622048034.965479
File C:\Python39\DLLs\_decimal.pyd first seen with mtime 1620034546.0
File C:\Python39\Lib\asyncio\exceptions.py first seen with mtime 1620034494.0
File C:\Python39\Lib\email\_encoded_words.py first seen with mtime 1620034494.0
File C:\Python39\Lib\stat.py first seen with mtime 1620034494.0
File C:\test\Lib\site-packages\django\http\response.py first seen with mtime 1622048035.221024
File C:\Python39\Lib\operator.py first seen with mtime 1620034494.0
File C:\test\Lib\site-packages\sqlparse\sql.py first seen with mtime 1622048030.6742697
File C:\Python39\Lib\urllib\__init__.py first seen with mtime 1620034496.0
File C:\Python39\Lib\uuid.py first seen with mtime 1620034496.0
File C:\test\Lib\site-packages\django\utils\termcolors.py first seen with mtime 1622048035.3046663
File C:\test\Lib\site-packages\django\conf\__init__.py first seen with mtime 1622048031.768569
File C:\test\Lib\site-packages\django\contrib\sessions\models.py first seen with mtime 1622048034.5335982
File C:\test\Lib\site-packages\django\utils\deconstruct.py first seen with mtime 1622048035.284719
File C:\test\Lib\site-packages\django\core\cache\backends\__init__.py first seen with mtime 1622048034.9694548
File C:\test\Lib\site-packages\django\core\checks\urls.py first seen with mtime 1622048034.9834192
File C:\test\Lib\site-packages\_virtualenv.py first seen with mtime 1622047684.222633
File C:\test\Lib\site-packages\django\utils\translation\__init__.py first seen with mtime 1622048035.3116477
File C:\test\Lib\site-packages\django\core\checks\translation.py first seen with mtime 1622048034.9824207
File C:\test\Lib\site-packages\django\db\backends\sqlite3\__init__.py first seen with mtime 1622048035.0911913
File C:\test\Scripts\hello_django\myhello\models.py first seen with mtime 1622048440.3955202
File C:\Python39\Lib\socket.py first seen with mtime 1620034494.0
File C:\Python39\Lib\asyncio\protocols.py first seen with mtime 1620034494.0
File C:\test\Lib\site-packages\django\core\checks\messages.py first seen with mtime 1622048034.978431
File C:\Python39\Lib\typing.py first seen with mtime 1620034496.0
File C:\test\Lib\site-packages\django\core\checks\database.py first seen with mtime 1622048034.9774337
File C:\test\Lib\site-packages\django\http\cookie.py first seen with mtime 1622048035.2170331
File C:\test\Lib\site-packages\django\contrib\auth\backends.py first seen with mtime 1622048032.9284935
File C:\Python39\Lib\asyncio\transports.py first seen with mtime 1620034494.0
File C:\Python39\Lib\locale.py first seen with mtime 1620034494.0
File C:\Python39\Lib\importlib\__init__.py first seen with mtime 1620034494.0
File C:\test\Lib\site-packages\django\core\checks\security\csrf.py first seen with mtime 1622048034.98641
File C:\Python39\Lib\concurrent\__init__.py first seen with mtime 1620034494.0
File C:\Python39\Lib\contextlib.py first seen with mtime 1620034494.0
File C:\test\Lib\site-packages\django\db\models\fields\related_lookups.py first seen with mtime 1622048035.141236
File C:\test\Lib\site-packages\django\views\defaults.py first seen with mtime 1622048035.3206234
File C:\Python39\Lib\cgi.py first seen with mtime 1620034494.0
File C:\test\Lib\site-packages\sqlparse\utils.py first seen with mtime 1622048030.6762643
File C:\Python39\Lib\uu.py first seen with mtime 1620034496.0
File C:\test\Lib\site-packages\django\contrib\auth\management\__init__.py first seen with mtime 1622048033.1548731
File C:\test\Lib\site-packages\django\utils\inspect.py first seen with mtime 1622048035.29569
File C:\test\Lib\site-packages\django\db\backends\utils.py first seen with mtime 1622048035.0509002
File C:\test\Lib\site-packages\sqlparse\filters\tokens.py first seen with mtime 1622048030.6872642
File C:\test\Lib\site-packages\django\db\backends\base\validation.py first seen with mtime 1622048035.0602744
File C:\test\Scripts\hello_django\myhello\admin.py first seen with mtime 1622048440.3745787
File C:\test\Lib\site-packages\django\templatetags\i18n.py first seen with mtime 1622048035.255542
File C:\test\Lib\site-packages\django\core\checks\security\sessions.py first seen with mtime 1622048034.9874072
File C:\test\Lib\site-packages\django\core\files\move.py first seen with mtime 1622048034.992394
File C:\Python39\DLLs\_lzma.pyd first seen with mtime 1620034546.0
File C:\test\Lib\site-packages\django\utils\dates.py first seen with mtime 1622048035.2827249
File C:\test\Lib\site-packages\django\utils\timesince.py first seen with mtime 1622048035.3066607
File C:\Python39\Lib\importlib\util.py first seen with mtime 1620034494.0
File C:\test\Lib\site-packages\django\conf\locale\__init__.py first seen with mtime 1622048031.776548
File C:\test\Lib\site-packages\django\contrib\admin\__init__.py first seen with mtime 1622048032.1293557
File C:\Python39\Lib\logging\config.py first seen with mtime 1620034494.0
File C:\test\Lib\site-packages\django\contrib\auth\tokens.py first seen with mtime 1622048032.9389427
File C:\test\Lib\site-packages\django\middleware\csrf.py first seen with mtime 1622048035.2260096
File C:\Python39\Lib\traceback.py first seen with mtime 1620034496.0
File C:\Python39\Lib\pathlib.py first seen with mtime 1620034494.0
File C:\test\Lib\site-packages\django\contrib\auth\signals.py first seen with mtime 1622048032.9379566
File C:\test\Lib\site-packages\django\contrib\staticfiles\finders.py first seen with mtime 1622048034.9470243
File C:\test\Lib\site-packages\django\template\defaulttags.py first seen with mtime 1622048035.2359824
File C:\test\Lib\site-packages\django\db\models\sql\where.py first seen with mtime 1622048035.1561987
File C:\test\Lib\site-packages\django\core\signals.py first seen with mtime 1622048034.9634714
File C:\test\Lib\site-packages\django\template\library.py first seen with mtime 1622048035.238974
File C:\test\Lib\site-packages\django\contrib\admin\actions.py first seen with mtime 1622048032.1293557
File C:\test\Lib\site-packages\django\views\__init__.py first seen with mtime 1622048035.31664
File C:\test\Lib\site-packages\django\contrib\sessions\backends\__init__.py first seen with mtime 1622048034.5355794
File C:\Python39\Lib\getpass.py first seen with mtime 1620034494.0
File C:\Python39\DLLs\_queue.pyd first seen with mtime 1620034544.0
File C:\test\Lib\site-packages\pytz\exceptions.py first seen with mtime 1622048030.9856617
File C:\test\Lib\site-packages\django\core\signing.py first seen with mtime 1622048034.964468
File C:\Python39\Lib\asyncio\futures.py first seen with mtime 1620034494.0
File C:\test\Lib\site-packages\django\contrib\admin\filters.py first seen with mtime 1622048032.1343422
File C:\test\Lib\site-packages\asgiref\local.py first seen with mtime 1622048031.625042
File C:\Python39\Lib\keyword.py first seen with mtime 1620034494.0
File C:\test\Lib\site-packages\django\contrib\admin\templatetags\base.py first seen with mtime 1622048032.7105832
File C:\test\Lib\site-packages\django\contrib\messages\middleware.py first seen with mtime 1622048034.0966172
File C:\test\Lib\site-packages\django\utils\formats.py first seen with mtime 1622048035.2907035
File C:\Python39\Lib\asyncio\__init__.py first seen with mtime 1620034494.0
File C:\Python39\Lib\email\header.py first seen with mtime 1620034494.0
File C:\Python39\Lib\tokenize.py first seen with mtime 1620034496.0
File C:\test\Lib\site-packages\sqlparse\engine\statement_splitter.py first seen with mtime 1622048030.680254
File C:\test\Lib\site-packages\django\contrib\admin\views\main.py first seen with mtime 1622048032.7145727
File C:\Python39\Lib\string.py first seen with mtime 1620034494.0
File C:\test\Lib\site-packages\django\db\models\fields\proxy.py first seen with mtime 1622048035.1372528
File C:\test\Lib\site-packages\django\core\checks\async_checks.py first seen with mtime 1622048034.9754388
File C:\Python39\Lib\asyncio\coroutines.py first seen with mtime 1620034494.0
File C:\test\Lib\site-packages\django\forms\formsets.py first seen with mtime 1622048035.163177
File C:\Python39\Lib\email\_header_value_parser.py first seen with mtime 1620034494.0
File C:\test\Lib\site-packages\django\core\cache\utils.py first seen with mtime 1622048034.9684575
File C:\test\Lib\site-packages\django\core\handlers\base.py first seen with mtime 1622048035.0003774
File C:\test\Lib\site-packages\sqlparse\lexer.py first seen with mtime 1622048030.673273
File C:\test\Lib\site-packages\django\core\files\images.py first seen with mtime 1622048034.9903994
File C:\test\Lib\site-packages\django\template\backends\base.py first seen with mtime 1622048035.2449582
File C:\test\Lib\site-packages\django\db\models\functions\comparison.py first seen with mtime 1622048035.144228
File C:\Python39\DLLs\_ctypes.pyd first seen with mtime 1620034544.0
File C:\test\Lib\site-packages\django\db\models\functions\mixins.py first seen with mtime 1622048035.1462226
File C:\Python39\DLLs\_asyncio.pyd first seen with mtime 1620034544.0
File C:\Python39\Lib\posixpath.py first seen with mtime 1620034494.0
File C:\test\Lib\site-packages\django\views\decorators\cache.py first seen with mtime 1622048035.3276048
File C:\test\Lib\site-packages\django\utils\topological_sort.py first seen with mtime 1622048035.3086557
File C:\test\Lib\site-packages\django\db\models\sql\subqueries.py first seen with mtime 1622048035.155198
File C:\test\Lib\site-packages\django\core\management\commands\__init__.py first seen with mtime 1622048035.015993
File C:\Python39\Lib\wsgiref\__init__.py first seen with mtime 1620034496.0
File C:\Python39\Lib\asyncio\events.py first seen with mtime 1620034494.0
File C:\test\Lib\site-packages\sqlparse\keywords.py first seen with mtime 1622048030.6712785
File C:\test\Lib\site-packages\django\contrib\admin\checks.py first seen with mtime 1622048032.1313508
File C:\test\Lib\site-packages\django\db\models\enums.py first seen with mtime 1622048035.1242857
File C:\test\Lib\site-packages\django\contrib\sessions\exceptions.py first seen with mtime 1622048034.5315902
File C:\test\Lib\site-packages\django\__init__.py first seen with mtime 1622048031.7615879
File C:\test\Lib\site-packages\django\contrib\staticfiles\handlers.py first seen with mtime 1622048034.948022
File C:\test\Lib\site-packages\django\core\paginator.py first seen with mtime 1622048034.9624734
File C:\test\Lib\site-packages\sqlparse\engine\grouping.py first seen with mtime 1622048030.6792564
File C:\test\Lib\site-packages\django\templatetags\static.py first seen with mtime 1622048035.2565472
File C:\Python39\Lib\os.py first seen with mtime 1620034494.0
File C:\Python39\Lib\calendar.py first seen with mtime 1620034494.0
File C:\test\Lib\site-packages\django\contrib\contenttypes\management\__init__.py first seen with mtime 1622048033.3642476
File C:\test\Lib\site-packages\django\http\request.py first seen with mtime 1622048035.2190278
File C:\test\Lib\site-packages\django\template\loaders\base.py first seen with mtime 1622048035.249945
File C:\Python39\Lib\lzma.py first seen with mtime 1620034494.0
File C:\test\Lib\site-packages\django\core\management\commands\runserver.py first seen with mtime 1622048035.0279624
File C:\Python39\Lib\asyncio\queues.py first seen with mtime 1620034494.0
File C:\Python39\Lib\asyncio\log.py first seen with mtime 1620034494.0
File C:\Python39\Lib\email\feedparser.py first seen with mtime 1620034494.0
File C:\Python39\Lib\email\parser.py first seen with mtime 1620034494.0
File C:\Python39\Lib\asyncio\base_events.py first seen with mtime 1620034494.0
File C:\test\Lib\site-packages\django\utils\itercompat.py first seen with mtime 1622048035.297685
File C:\Python39\Lib\asyncio\tasks.py first seen with mtime 1620034494.0
File C:\Python39\Lib\tempfile.py first seen with mtime 1620034494.0
File C:\test\Lib\site-packages\django\core\management\base.py first seen with mtime 1622048035.0126395
File C:\Python39\Lib\unittest\signals.py first seen with mtime 1620034496.0
File C:\test\Lib\site-packages\django\core\handlers\wsgi.py first seen with mtime 1622048035.0013695
File C:\Python39\Lib\html\entities.py first seen with mtime 1620034494.0
File C:\Python39\Lib\asyncio\subprocess.py first seen with mtime 1620034494.0
File C:\test\Lib\site-packages\django\contrib\staticfiles\apps.py first seen with mtime 1622048034.9450297
File C:\test\Lib\site-packages\django\template\context.py first seen with mtime 1622048035.2329905
File C:\Python39\Lib\ctypes\_endian.py first seen with mtime 1620034494.0
File C:\test\Lib\site-packages\django\core\wsgi.py first seen with mtime 1622048034.9664629
File C:\test\Lib\site-packages\django\utils\http.py first seen with mtime 1622048035.294693
File C:\Python39\Lib\email\headerregistry.py first seen with mtime 1620034494.0
File C:\test\Lib\site-packages\django\core\serializers\__init__.py first seen with mtime 1622048035.0389314
File C:\test\Lib\site-packages\django\db\models\constants.py first seen with mtime 1622048035.1211112
File C:\Python39\Lib\encodings\utf_8.py first seen with mtime 1620034494.0
File C:\test\Lib\site-packages\django\core\checks\__init__.py first seen with mtime 1622048034.9754388
File C:\Python39\Lib\_markupbase.py first seen with mtime 1620034494.0
File C:\Python39\Lib\mimetypes.py first seen with mtime 1620034494.0
File C:\test\Lib\site-packages\pytz\__init__.py first seen with mtime 1622048030.9846647
File C:\Python39\Lib\codecs.py first seen with mtime 1620034494.0
File C:\test\Lib\site-packages\django\db\migrations\exceptions.py first seen with mtime 1622048035.100167
File C:\test\Lib\site-packages\django\utils\timezone.py first seen with mtime 1622048035.307658
File C:\test\Lib\site-packages\django\db\backends\base\creation.py first seen with mtime 1622048035.0548887
File C:\test\Lib\site-packages\django\urls\utils.py first seen with mtime 1622048035.2717547
File C:\test\Lib\site-packages\django\middleware\security.py first seen with mtime 1622048035.2290008
File C:\test\Lib\site-packages\django\core\mail\__init__.py first seen with mtime 1622048035.0023792
File C:\test\Lib\site-packages\django\core\serializers\json.py first seen with mtime 1622048035.0399292
File C:\test\Lib\site-packages\django\core\management\__init__.py first seen with mtime 1622048035.0116422
File C:\test\Lib\site-packages\django\utils\cache.py first seen with mtime 1622048035.2777383
File C:\Python39\Lib\statistics.py first seen with mtime 1620034494.0
File C:\Python39\DLLs\_uuid.pyd first seen with mtime 1620034544.0
File C:\test\Lib\site-packages\django\contrib\admin\exceptions.py first seen with mtime 1622048032.133345
File C:\test\Lib\site-packages\django\db\models\query.py first seen with mtime 1622048035.1292675
File C:\test\Lib\site-packages\django\dispatch\__init__.py first seen with mtime 1622048035.1571927
File C:\test\Lib\site-packages\django\utils\autoreload.py first seen with mtime 1622048035.275743
File C:\Python39\Lib\copy.py first seen with mtime 1620034494.0
File C:\test\Lib\site-packages\django\forms\renderers.py first seen with mtime 1622048035.1661704
File C:\test\Lib\site-packages\django\utils\dateparse.py first seen with mtime 1622048035.2827249
File C:\test\Lib\site-packages\django\template\loader.py first seen with mtime 1622048035.2399774
File C:\test\Lib\site-packages\django\contrib\admin\helpers.py first seen with mtime 1622048032.136339
File C:\Python39\Lib\unittest\loader.py first seen with mtime 1620034496.0
File C:\test\Lib\site-packages\django\utils\duration.py first seen with mtime 1622048035.2877116
File C:\test\Lib\site-packages\django\contrib\auth\middleware.py first seen with mtime 1622048032.9349535
File C:\test\Lib\site-packages\django\views\static.py first seen with mtime 1622048035.3236158
File C:\test\Lib\site-packages\django\template\defaultfilters.py first seen with mtime 1622048035.2349854
File C:\test\Scripts\hello_django\myhello\apps.py first seen with mtime 1622048440.3825564
File C:\test\Lib\site-packages\django\db\models\manager.py first seen with mtime 1622048035.127273
File C:\test\Lib\site-packages\django\template\engine.py first seen with mtime 1622048035.2369795
File C:\Python39\DLLs\_hashlib.pyd first seen with mtime 1620034544.0
File C:\test\Lib\site-packages\django\contrib\staticfiles\management\commands\__init__.py first seen with mtime 1622048034.9540062
File C:\test\Lib\site-packages\django\templatetags\tz.py first seen with mtime 1622048035.2585344
File C:\test\Lib\site-packages\django\contrib\sessions\__init__.py first seen with mtime 1622048034.5286129
File C:\test\Lib\site-packages\django\views\generic\dates.py first seen with mtime 1622048035.336581
File C:\Python39\Lib\secrets.py first seen with mtime 1620034494.0
File C:\test\Lib\site-packages\django\contrib\auth\validators.py first seen with mtime 1622048032.9399402
File C:\Python39\Lib\queue.py first seen with mtime 1620034494.0
File C:\test\Scripts\hello_django\myhello\__init__.py first seen with mtime 1622048440.4074872
File C:\test\Lib\site-packages\asgiref\current_thread_executor.py first seen with mtime 1622048031.6240423
File C:\test\Lib\site-packages\django\utils\asyncio.py first seen with mtime 1622048035.2747464
File C:\test\Lib\site-packages\django\db\backends\sqlite3\introspection.py first seen with mtime 1622048035.0951805
File C:\Python39\Lib\urllib\parse.py first seen with mtime 1620034496.0
File C:\test\Lib\site-packages\django\db\backends\sqlite3\schema.py first seen with mtime 1622048035.0971751
File C:\Python39\DLLs\_bz2.pyd first seen with mtime 1620034544.0
File C:\test\Lib\site-packages\django\db\migrations\operations\utils.py first seen with mtime 1622048035.1171305
File C:\test\Lib\site-packages\django\db\models\fields\related.py first seen with mtime 1622048035.1392412
File C:\Python39\Lib\email\mime\multipart.py first seen with mtime 1620034494.0
File C:\Python39\Lib\socketserver.py first seen with mtime 1620034494.0
File C:\Python39\Lib\unittest\result.py first seen with mtime 1620034496.0
File C:\Python39\DLLs\_sqlite3.pyd first seen with mtime 1620034544.0
File C:\Python39\Lib\reprlib.py first seen with mtime 1620034494.0
File C:\Python39\Lib\io.py first seen with mtime 1620034494.0
File C:\test\Lib\site-packages\django\core\servers\__init__.py first seen with mtime 1622048035.044916
File C:\test\Lib\site-packages\django\contrib\staticfiles\management\commands\runserver.py first seen with mtime 1622048034.9560006
File C:\test\Lib\site-packages\django\contrib\auth\base_user.py first seen with mtime 1622048032.9284935
File C:\Python39\Lib\_collections_abc.py first seen with mtime 1620034494.0
File C:\test\Lib\site-packages\django\db\migrations\operations\models.py first seen with mtime 1622048035.1151273
File C:\test\Lib\site-packages\django\views\generic\edit.py first seen with mtime 1622048035.3385756
File C:\test\Scripts\hello_django\hello_django\__init__.py first seen with mtime 1622048181.5267231
File C:\test\Lib\site-packages\sqlparse\engine\filter_stack.py first seen with mtime 1622048030.6782594
File C:\test\Lib\site-packages\django\contrib\messages\storage\__init__.py first seen with mtime 1622048034.0996017
File C:\test\Lib\site-packages\django\template\loader_tags.py first seen with mtime 1622048035.2409687
File C:\test\Lib\site-packages\django\dispatch\dispatcher.py first seen with mtime 1622048035.1581903
File C:\Python39\Lib\linecache.py first seen with mtime 1620034494.0
File C:\test\Lib\site-packages\sqlparse\__init__.py first seen with mtime 1622048030.6623652
File C:\test\Lib\site-packages\django\db\models\functions\__init__.py first seen with mtime 1622048035.1432302
File C:\Python39\Lib\subprocess.py first seen with mtime 1620034494.0
File C:\test\Lib\site-packages\django\db\backends\__init__.py first seen with mtime 1622048035.048905
File C:\Python39\Lib\asyncio\format_helpers.py first seen with mtime 1620034494.0
File C:\test\Lib\site-packages\django\db\transaction.py first seen with mtime 1622048035.0469103
File C:\test\Lib\site-packages\django\core\cache\backends\locmem.py first seen with mtime 1622048034.973444
File C:\test\Lib\site-packages\django\db\backends\ddl_references.py first seen with mtime 1622048035.049914
File C:\test\Lib\site-packages\django\conf\urls\__init__.py first seen with mtime 1622048032.1253664
File C:\test\Lib\site-packages\pytz\tzfile.py first seen with mtime 1622048030.9886541
File C:\Python39\Lib\_compat_pickle.py first seen with mtime 1620034494.0
File C:\Python39\Lib\email\mime\base.py first seen with mtime 1620034494.0
File C:\Python39\Lib\ast.py first seen with mtime 1620034494.0
File C:\test\Lib\site-packages\django\utils\safestring.py first seen with mtime 1622048035.3036778
File C:\Python39\Lib\email\encoders.py first seen with mtime 1620034494.0
File C:\test\Lib\site-packages\django\core\checks\caches.py first seen with mtime 1622048034.976436
File C:\Python39\DLLs\_ssl.pyd first seen with mtime 1620034546.0
File C:\test\Lib\site-packages\django\views\generic\list.py first seen with mtime 1622048035.3395724
File C:\test\Lib\site-packages\django\db\migrations\__init__.py first seen with mtime 1622048035.0981724
File C:\test\Lib\site-packages\pytz\tzinfo.py first seen with mtime 1622048030.9896514
File C:\Python39\Lib\struct.py first seen with mtime 1620034494.0
File C:\Python39\Lib\email\base64mime.py first seen with mtime 1620034494.0
File C:\Python39\Lib\hashlib.py first seen with mtime 1620034494.0
File C:\test\Lib\site-packages\django\core\servers\basehttp.py first seen with mtime 1622048035.0459125
File C:\Python39\Lib\signal.py first seen with mtime 1620034494.0
File C:\test\Lib\site-packages\django\contrib\admin\apps.py first seen with mtime 1622048032.130353
File C:\Python39\Lib\asyncio\proactor_events.py first seen with mtime 1620034494.0
File C:\Python39\Lib\http\client.py first seen with mtime 1620034494.0
File C:\Python39\Lib\_weakrefset.py first seen with mtime 1620034494.0
File C:\test\Lib\site-packages\django\utils\deprecation.py first seen with mtime 1622048035.2867138
File C:\Python39\Lib\email\mime\nonmultipart.py first seen with mtime 1620034494.0
File C:\Python39\Lib\wsgiref\handlers.py first seen with mtime 1620034496.0
File C:\Python39\Lib\asyncio\windows_events.py first seen with mtime 1620034494.0
File C:\test\Lib\site-packages\django\urls\conf.py first seen with mtime 1622048035.2687619
File C:\test\Lib\site-packages\django\utils\version.py first seen with mtime 1622048035.31065
File C:\test\Lib\site-packages\django\urls\converters.py first seen with mtime 1622048035.2687619
File C:\test\Lib\site-packages\django\db\models\deletion.py first seen with mtime 1622048035.1232872
File C:\test\Lib\site-packages\django\contrib\auth\hashers.py first seen with mtime 1622048032.933956
File C:\test\Lib\site-packages\django\views\decorators\__init__.py first seen with mtime 1622048035.3256109
File C:\Python39\Lib\http\server.py first seen with mtime 1620034494.0
File C:\test\Lib\site-packages\django\core\management\color.py first seen with mtime 1622048035.0126395
File C:\Python39\Lib\types.py first seen with mtime 1620034496.0
File C:\Python39\Lib\asyncio\constants.py first seen with mtime 1620034494.0
File C:\Python39\Lib\email\mime\__init__.py first seen with mtime 1620034494.0
File C:\test\Lib\site-packages\django\template\backends\django.py first seen with mtime 1622048035.2459552
File C:\test\Lib\site-packages\django\db\backends\sqlite3\creation.py first seen with mtime 1622048035.0931857
File C:\test\Lib\site-packages\django\db\backends\base\features.py first seen with mtime 1622048035.0558858
File C:\test\Lib\site-packages\django\utils\html.py first seen with mtime 1622048035.2936957
File C:\test\Lib\site-packages\django\db\migrations\operations\special.py first seen with mtime 1622048035.1161246
File C:\test\Lib\site-packages\django\db\models\lookups.py first seen with mtime 1622048035.1262755
File C:\test\Lib\site-packages\django\views\debug.py first seen with mtime 1622048035.3196259
File C:\Python39\Lib\email\quoprimime.py first seen with mtime 1620034494.0
File C:\Python39\Lib\pprint.py first seen with mtime 1620034494.0
File C:\Python39\Lib\email\generator.py first seen with mtime 1620034494.0
File C:\test\Lib\site-packages\django\db\backends\sqlite3\operations.py first seen with mtime 1622048035.0961778
File C:\test\Lib\site-packages\django\core\checks\model_checks.py first seen with mtime 1622048034.979428
File C:\test\Lib\site-packages\django\forms\widgets.py first seen with mtime 1622048035.1681764
File C:\test\Lib\site-packages\django\db\backends\base\introspection.py first seen with mtime 1622048035.0558858
File C:\test\Lib\site-packages\django\db\backends\base\schema.py first seen with mtime 1622048035.0592768
File C:\test\Lib\site-packages\django\db\models\indexes.py first seen with mtime 1622048035.1262755
File C:\test\Lib\site-packages\pytz\lazy.py first seen with mtime 1622048030.9866593
File C:\test\Lib\site-packages\django\contrib\sessions\base_session.py first seen with mtime 1622048034.5305955
File C:\Python39\Lib\opcode.py first seen with mtime 1620034494.0
File C:\test\Lib\site-packages\django\forms\utils.py first seen with mtime 1622048035.167167
File C:\test\Lib\site-packages\django\utils\regex_helper.py first seen with mtime 1622048035.302672
File C:\test\Lib\site-packages\django\db\models\aggregates.py first seen with mtime 1622048035.1191163
File C:\test\Lib\site-packages\django\db\__init__.py first seen with mtime 1622048035.0459125
File C:\Python39\Lib\heapq.py first seen with mtime 1620034494.0
File C:\Python39\Lib\nturl2path.py first seen with mtime 1620034494.0
File C:\test\Lib\site-packages\django\forms\fields.py first seen with mtime 1622048035.16218
File C:\test\Lib\site-packages\django\utils\baseconv.py first seen with mtime 1622048035.2767406
File C:\Python39\Lib\functools.py first seen with mtime 1620034494.0
File C:\test\Lib\site-packages\sqlparse\filters\output.py first seen with mtime 1622048030.6842432
File C:\test\Lib\site-packages\django\forms\models.py first seen with mtime 1622048035.1651719
File C:\test\Lib\site-packages\django\db\models\sql\__init__.py first seen with mtime 1622048035.1492143
File C:\test\Lib\site-packages\django\db\models\query_utils.py first seen with mtime 1622048035.1302652
File C:\test\Scripts\hello_django\hello_django\settings.py first seen with mtime 1622048723.0085003
File C:\Python39\Lib\asyncio\threads.py first seen with mtime 1620034494.0
File C:\test\Lib\site-packages\django\contrib\admin\templatetags\__init__.py first seen with mtime 1622048032.7075915
File C:\test\Lib\site-packages\django\contrib\admin\decorators.py first seen with mtime 1622048032.1323495
File C:\Python39\DLLs\_socket.pyd first seen with mtime 1620034544.0
File C:\test\Lib\site-packages\django\core\files\locks.py first seen with mtime 1622048034.9913971
File C:\Python39\Lib\warnings.py first seen with mtime 1620034496.0
File C:\test\Lib\site-packages\django\utils\_os.py first seen with mtime 1622048035.2737486
File C:\test\Lib\site-packages\django\core\handlers\__init__.py first seen with mtime 1622048034.9983773
File C:\Python39\Lib\sqlite3\__init__.py first seen with mtime 1620034494.0
File C:\test\Lib\site-packages\django\views\i18n.py first seen with mtime 1622048035.322618
File C:\test\Lib\site-packages\django\core\handlers\asgi.py first seen with mtime 1622048034.9993749
File C:\test\Lib\site-packages\django\template\backends\__init__.py first seen with mtime 1622048035.2439704
File C:\test\Lib\site-packages\django\core\checks\security\base.py first seen with mtime 1622048034.9854124
File C:\Python39\Lib\email\__init__.py first seen with mtime 1620034494.0
File C:\Python39\Lib\glob.py first seen with mtime 1620034494.0
File C:\Python39\Lib\token.py first seen with mtime 1620034496.0
File C:\Python39\Lib\wsgiref\util.py first seen with mtime 1620034496.0
File C:\test\Lib\site-packages\django\contrib\auth\password_validation.py first seen with mtime 1622048032.936948
File C:\test\Lib\site-packages\django\db\models\fields\mixins.py first seen with mtime 1622048035.136263
File C:\test\Lib\site-packages\django\utils\__init__.py first seen with mtime 1622048035.2727513
File C:\test\Lib\site-packages\sqlparse\filters\reindent.py first seen with mtime 1622048030.6852403
File C:\Python39\Lib\unittest\case.py first seen with mtime 1620034496.0
File C:\Python39\Lib\json\encoder.py first seen with mtime 1620034494.0
File C:\test\Lib\site-packages\sqlparse\exceptions.py first seen with mtime 1622048030.6672893
File C:\Python39\DLLs\_overlapped.pyd first seen with mtime 1620034544.0
File C:\test\Lib\site-packages\django\contrib\admin\views\__init__.py first seen with mtime 1622048032.712578
File C:\Python39\Lib\pkgutil.py first seen with mtime 1620034494.0
File C:\test\Lib\site-packages\django\db\models\signals.py first seen with mtime 1622048035.1312623
File C:\Python39\Lib\quopri.py first seen with mtime 1620034494.0
File C:\Python39\Lib\asyncio\windows_utils.py first seen with mtime 1620034494.0
File C:\Python39\Lib\sre_parse.py first seen with mtime 1620034494.0
File C:\test\Lib\site-packages\django\http\__init__.py first seen with mtime 1622048035.2160356
File C:\test\Lib\site-packages\django\contrib\contenttypes\fields.py first seen with mtime 1622048033.1741962
File C:\test\Lib\site-packages\django\contrib\__init__.py first seen with mtime 1622048032.1283584
File C:\test\Lib\site-packages\django\template\loaders\__init__.py first seen with mtime 1622048035.2489476
File C:\test\Lib\site-packages\django\contrib\contenttypes\models.py first seen with mtime 1622048033.176212
File C:\Python39\Lib\unittest\main.py first seen with mtime 1620034496.0
File C:\Python39\Lib\ntpath.py first seen with mtime 1620034494.0
File C:\Python39\Lib\asyncio\streams.py first seen with mtime 1620034494.0
File C:\test\Lib\site-packages\django\contrib\auth\models.py first seen with mtime 1622048032.9359505
File C:\test\Lib\site-packages\django\contrib\admin\templatetags\log.py first seen with mtime 1622048032.7115808
File C:\Python39\Lib\ipaddress.py first seen with mtime 1620034494.0
File C:\test\Lib\site-packages\django\db\migrations\operations\base.py first seen with mtime 1622048035.1131332
File C:\test\Lib\site-packages\django\utils\encoding.py first seen with mtime 1622048035.2887096
File C:\Python39\Lib\collections\abc.py first seen with mtime 1620034494.0
File C:\test\Lib\site-packages\django\http\multipartparser.py first seen with mtime 1622048035.2180312
File C:\test\Lib\site-packages\django\contrib\sites\shortcuts.py first seen with mtime 1622048034.7522914
File C:\Python39\Lib\fractions.py first seen with mtime 1620034494.0
File C:\test\Lib\site-packages\django\views\decorators\csrf.py first seen with mtime 1622048035.3305967
File C:\Python39\Lib\ctypes\wintypes.py first seen with mtime 1620034494.0
File C:\test\Lib\site-packages\django\db\models\functions\text.py first seen with mtime 1622048035.1472194
File C:\Python39\Lib\json\__init__.py first seen with mtime 1620034494.0
File C:\test\Lib\site-packages\django\contrib\contenttypes\checks.py first seen with mtime 1622048033.1731994
File C:\test\Lib\site-packages\django\contrib\messages\api.py first seen with mtime 1622048034.0936182
File C:\test\Lib\site-packages\django\db\backends\sqlite3\client.py first seen with mtime 1622048035.0931857
File C:\test\Lib\site-packages\django\db\backends\base\operations.py first seen with mtime 1622048035.0572865
File C:\test\Lib\site-packages\django\contrib\auth\checks.py first seen with mtime 1622048032.9299655
File C:\test\Lib\site-packages\django\utils\log.py first seen with mtime 1622048035.2996795
File C:\test\Lib\site-packages\django\contrib\contenttypes\admin.py first seen with mtime 1622048033.1722012
File C:\test\Lib\site-packages\django\contrib\sessions\apps.py first seen with mtime 1622048034.5295982
File C:\Python39\Lib\shutil.py first seen with mtime 1620034494.0
File C:\Python39\Lib\numbers.py first seen with mtime 1620034494.0
File C:\test\Lib\site-packages\django\contrib\auth\admin.py first seen with mtime 1622048032.926499
File C:\test\Lib\site-packages\django\utils\connection.py first seen with mtime 1622048035.2787354
File C:\test\Lib\site-packages\sqlparse\tokens.py first seen with mtime 1622048030.6752677
File C:\test\Lib\site-packages\django\utils\decorators.py first seen with mtime 1622048035.2857163
File C:\test\Lib\site-packages\django\db\backends\sqlite3\features.py first seen with mtime 1622048035.0941837
File C:\Python39\Lib\concurrent\futures\__init__.py first seen with mtime 1620034494.0
File C:\Python39\Lib\email\policy.py first seen with mtime 1620034494.0
File C:\test\Lib\site-packages\django\db\models\fields\reverse_related.py first seen with mtime 1622048035.1422334
File C:\test\Lib\site-packages\django\contrib\staticfiles\management\__init__.py first seen with mtime 1622048034.95301
File C:\test\Lib\site-packages\django\contrib\admin\sites.py first seen with mtime 1622048032.1393409
File C:\test\Lib\site-packages\django\template\loaders\filesystem.py first seen with mtime 1622048035.2525487
File C:\test\Lib\site-packages\sqlparse\engine\__init__.py first seen with mtime 1622048030.6772616
File C:\test\Lib\site-packages\django\contrib\messages\constants.py first seen with mtime 1622048034.0956132
File C:\Python39\Lib\platform.py first seen with mtime 1620034494.0
File C:\test\Lib\site-packages\django\forms\forms.py first seen with mtime 1622048035.163177
File C:\test\Lib\site-packages\django\contrib\contenttypes\views.py first seen with mtime 1622048033.1771884
File C:\test\Lib\site-packages\django\contrib\staticfiles\utils.py first seen with mtime 1622048034.952011
File C:\test\Lib\site-packages\django\db\models\options.py first seen with mtime 1622048035.1282701
File C:\Python39\Lib\asyncio\selector_events.py first seen with mtime 1620034494.0
File C:\test\Lib\site-packages\django\db\migrations\operations\fields.py first seen with mtime 1622048035.11413
File C:\Python39\Lib\email\mime\text.py first seen with mtime 1620034494.0
File C:\test\Lib\site-packages\django\utils\crypto.py first seen with mtime 1622048035.279733
File C:\Python39\Lib\urllib\error.py first seen with mtime 1620034496.0
File C:\test\Lib\site-packages\django\utils\datetime_safe.py first seen with mtime 1622048035.2837217
File C:\test\Lib\site-packages\django\contrib\messages\apps.py first seen with mtime 1622048034.0946157
File C:\Python39\Lib\sre_constants.py first seen with mtime 1620034494.0
File C:\test\Lib\site-packages\django\template\utils.py first seen with mtime 1622048035.2429633
File C:\test\Lib\site-packages\django\db\models\utils.py first seen with mtime 1622048035.1322596
File C:\Python39\Lib\http\cookies.py first seen with mtime 1620034494.0
File C:\test\Lib\site-packages\django\db\models\fields\files.py first seen with mtime 1622048035.1342542
File C:\Python39\Lib\email\charset.py first seen with mtime 1620034494.0
File C:\test\Lib\site-packages\django\core\files\utils.py first seen with mtime 1622048034.9973805
File C:\Python39\Lib\asyncio\locks.py first seen with mtime 1620034494.0
File C:\test\Lib\site-packages\django\core\files\temp.py first seen with mtime 1622048034.9943886
File C:\test\Lib\site-packages\django\contrib\admin\templatetags\admin_modify.py first seen with mtime 1622048032.7085888
File C:\Python39\Lib\json\scanner.py first seen with mtime 1620034494.0
File C:\test\Lib\site-packages\django\contrib\messages\__init__.py first seen with mtime 1622048034.0926206
File C:\test\Lib\site-packages\django\db\backends\sqlite3\base.py first seen with mtime 1622048035.0921888
File C:\test\Lib\site-packages\django\urls\resolvers.py first seen with mtime 1622048035.2707565
File C:\Python39\Lib\copyreg.py first seen with mtime 1620034494.0
File C:\test\Lib\site-packages\django\templatetags\__init__.py first seen with mtime 1622048035.253548
File C:\Python39\Lib\gettext.py first seen with mtime 1620034494.0
File C:\Python39\Lib\random.py first seen with mtime 1620034494.0
File C:\Python39\Lib\email\message.py first seen with mtime 1620034494.0
File C:\test\Lib\site-packages\django\views\generic\base.py first seen with mtime 1622048035.335583
File C:\test\Lib\site-packages\django\contrib\admin\views\autocomplete.py first seen with mtime 1622048032.712578
File C:\Python39\Lib\concurrent\futures\thread.py first seen with mtime 1620034494.0
File C:\test\Lib\site-packages\django\contrib\staticfiles\checks.py first seen with mtime 1622048034.946027
File C:\Python39\Lib\email\_policybase.py first seen with mtime 1620034494.0
File C:\test\Lib\site-packages\sqlparse\formatter.py first seen with mtime 1622048030.669308
File C:\test\Lib\site-packages\django\template\autoreload.py first seen with mtime 1622048035.230996
File C:\test\Lib\site-packages\asgiref\sync.py first seen with mtime 1622048031.6290293
File C:\Python39\Lib\sqlite3\dbapi2.py first seen with mtime 1620034494.0
File C:\test\Lib\site-packages\django\core\exceptions.py first seen with mtime 1622048034.9614763
File C:\Python39\Lib\decimal.py first seen with mtime 1620034494.0
File C:\Python39\Lib\email\iterators.py first seen with mtime 1620034494.0
File C:\test\Lib\site-packages\django\db\models\fields\__init__.py first seen with mtime 1622048035.133257
File C:\test\Lib\site-packages\django\utils\module_loading.py first seen with mtime 1622048035.3006766
File C:\test\Lib\site-packages\django\contrib\contenttypes\forms.py first seen with mtime 1622048033.1751938
File C:\Python39\Lib\dis.py first seen with mtime 1620034494.0
File C:\Python39\Lib\ssl.py first seen with mtime 1620034494.0
File C:\test\Lib\site-packages\django\template\response.py first seen with mtime 1622048035.2419734
File C:\test\Lib\site-packages\django\core\handlers\exception.py first seen with mtime 1622048035.0013695
File C:\test\Lib\site-packages\django\contrib\auth\forms.py first seen with mtime 1622048032.9329586
File C:\test\Lib\site-packages\django\urls\exceptions.py first seen with mtime 1622048035.2697597
File C:\test\Lib\site-packages\django\db\backends\base\client.py first seen with mtime 1622048035.0538914
File C:\test\Lib\site-packages\django\views\generic\__init__.py first seen with mtime 1622048035.335583
File C:\Python39\Lib\logging\__init__.py first seen with mtime 1620034494.0
File C:\test\Lib\site-packages\django\templatetags\cache.py first seen with mtime 1622048035.2545447
File C:\test\Lib\site-packages\django\views\decorators\debug.py first seen with mtime 1622048035.331594
File C:\test\Lib\site-packages\django\db\models\fields\json.py first seen with mtime 1622048035.135252
File C:\Python39\Lib\email\contentmanager.py first seen with mtime 1620034494.0
File C:\test\Lib\site-packages\django\core\mail\message.py first seen with mtime 1622048035.0033643
File C:\test\Lib\site-packages\django\forms\__init__.py first seen with mtime 1622048035.1591873
File C:\test\Lib\site-packages\django\contrib\staticfiles\views.py first seen with mtime 1622048034.952011
File C:\test\Lib\site-packages\django\contrib\sessions\backends\base.py first seen with mtime 1622048034.5365977
File C:\test\Lib\site-packages\django\utils\numberformat.py first seen with mtime 1622048035.3016741
File C:\test\Lib\site-packages\django\utils\text.py first seen with mtime 1622048035.3056636
File C:\test\Lib\site-packages\django\contrib\sessions\middleware.py first seen with mtime 1622048034.5335982
File C:\test\Lib\site-packages\django\core\cache\__init__.py first seen with mtime 1622048034.967461
File C:\test\Lib\site-packages\django\views\generic\detail.py first seen with mtime 1622048035.3375864
File C:\test\Lib\site-packages\django\db\models\sql\constants.py first seen with mtime 1622048035.1522067
File C:\Python39\Lib\enum.py first seen with mtime 1620034494.0
File C:\test\Lib\site-packages\django\apps\__init__.py first seen with mtime 1622048031.7646034
File C:\Python39\Lib\contextvars.py first seen with mtime 1620034494.0
File C:\test\Lib\site-packages\django\core\checks\templates.py first seen with mtime 1622048034.9804258
File C:\Python39\Lib\difflib.py first seen with mtime 1620034494.0
File C:\Python39\Lib\argparse.py first seen with mtime 1620034494.0
File C:\Python39\Lib\hmac.py first seen with mtime 1620034494.0
File C:\test\Lib\site-packages\django\db\migrations\utils.py first seen with mtime 1622048035.1101406
File C:\Python39\Lib\encodings\__init__.py first seen with mtime 1620034494.0
File C:\test\Lib\site-packages\sqlparse\cli.py first seen with mtime 1622048030.6652958
File C:\test\Lib\site-packages\django\core\checks\registry.py first seen with mtime 1622048034.9804258
File C:\test\Lib\site-packages\django\utils\lorem_ipsum.py first seen with mtime 1622048035.3006766
File C:\test\Lib\site-packages\django\core\cache\backends\filebased.py first seen with mtime 1622048034.9724472
File C:\test\Lib\site-packages\django\contrib\admin\options.py first seen with mtime 1622048032.138332
File C:\Python39\Lib\urllib\response.py first seen with mtime 1620034496.0
File C:\Python39\Lib\asyncio\base_subprocess.py first seen with mtime 1620034494.0
File C:\Python39\Lib\site.py first seen with mtime 1620034494.0
File C:\test\Lib\site-packages\django\contrib\admin\widgets.py first seen with mtime 1622048032.142321
File C:\Python39\Lib\inspect.py first seen with mtime 1620034494.0
File C:\test\Lib\site-packages\django\core\files\storage.py first seen with mtime 1622048034.9933918
File C:\test\Lib\site-packages\django\contrib\admin\utils.py first seen with mtime 1622048032.1413236
File C:\test\Lib\site-packages\django\middleware\common.py first seen with mtime 1622048035.225012
File C:\test\Lib\site-packages\django\db\models\sql\query.py first seen with mtime 1622048035.1542177
File C:\Python39\DLLs\unicodedata.pyd first seen with mtime 1620034546.0
File C:\test\Lib\site-packages\django\contrib\contenttypes\apps.py first seen with mtime 1622048033.1722012
File C:\test\Lib\site-packages\django\db\backends\base\base.py first seen with mtime 1622048035.052894
File C:\Python39\DLLs\select.pyd first seen with mtime 1620034546.0
File C:\test\Lib\site-packages\django\apps\config.py first seen with mtime 1622048031.765597
File C:\test\Lib\site-packages\django\urls\base.py first seen with mtime 1622048035.2677648
File C:\test\Lib\site-packages\sqlparse\filters\__init__.py first seen with mtime 1622048030.682248
File C:\test\Lib\site-packages\django\contrib\admin\models.py first seen with mtime 1622048032.136339
File C:\test\Lib\site-packages\django\template\smartif.py first seen with mtime 1622048035.2429633
File C:\test\Lib\site-packages\django\contrib\auth\apps.py first seen with mtime 1622048032.927496
File C:\test\Lib\site-packages\django\template\exceptions.py first seen with mtime 1622048035.2379768
File C:\Python39\Lib\_bootlocale.py first seen with mtime 1620034494.0
File C:\test\Lib\site-packages\django\utils\translation\reloader.py first seen with mtime 1622048035.3126447
File C:\Python39\Lib\base64.py first seen with mtime 1620034494.0
File C:\test\Lib\site-packages\django\conf\global_settings.py first seen with mtime 1622048031.7696145
File C:\Python39\Lib\email\_parseaddr.py first seen with mtime 1620034494.0
File C:\Python39\Lib\asyncio\runners.py first seen with mtime 1620034494.0
File C:\test\Lib\site-packages\django\contrib\contenttypes\__init__.py first seen with mtime 1622048033.171206
File C:\test\Lib\site-packages\django\templatetags\l10n.py first seen with mtime 1622048035.2565472
File C:\test\Lib\site-packages\django\contrib\admin\templatetags\admin_list.py first seen with mtime 1622048032.7085888
File C:\Python39\Lib\distutils\version.py first seen with mtime 1620034494.0
File C:\test\Lib\site-packages\django\contrib\auth\__init__.py first seen with mtime 1622048032.9255013
File C:\Python39\Lib\http\__init__.py first seen with mtime 1620034494.0
File C:\Python39\Lib\encodings\aliases.py first seen with mtime 1620034494.0
File C:\Python39\Lib\unittest\suite.py first seen with mtime 1620034496.0
File C:\test\Lib\site-packages\django\core\__init__.py first seen with mtime 1622048034.9594817
File C:\test\Lib\site-packages\django\utils\tree.py first seen with mtime 1622048035.3096528
File C:\Python39\Lib\wsgiref\headers.py first seen with mtime 1620034496.0
File C:\test\Scripts\hello_django\manage.py first seen with mtime 1622048181.4828668
File C:\Python39\Lib\weakref.py first seen with mtime 1620034496.0
File C:\Python39\Lib\_sitebuiltins.py first seen with mtime 1620034494.0
File C:\test\Lib\site-packages\sqlparse\filters\right_margin.py first seen with mtime 1622048030.6862376
File C:\Python39\Lib\asyncio\trsock.py first seen with mtime 1620034494.0
File C:\test\Lib\site-packages\django\template\loaders\app_directories.py first seen with mtime 1622048035.249945
File C:\Python39\Lib\abc.py first seen with mtime 1620034494.0
File C:\Python39\Lib\datetime.py first seen with mtime 1620034494.0
File C:\test\Lib\site-packages\django\db\backends\base\__init__.py first seen with mtime 1622048035.0518968
File C:\test\Lib\site-packages\django\urls\__init__.py first seen with mtime 1622048035.2667675
File C:\Python39\Lib\concurrent\futures\_base.py first seen with mtime 1620034494.0
File C:\test\Lib\site-packages\django\db\utils.py first seen with mtime 1622048035.0479076
File C:\test\Lib\site-packages\sqlparse\filters\others.py first seen with mtime 1622048030.683246
File C:\test\Lib\site-packages\django\utils\ipv6.py first seen with mtime 1622048035.2966876
File C:\Python39\Lib\gzip.py first seen with mtime 1620034494.0
File C:\Python39\Lib\threading.py first seen with mtime 1620034496.0
File C:\test\Lib\site-packages\django\core\serializers\base.py first seen with mtime 1622048035.0399292
File C:\test\Lib\site-packages\django\forms\boundfield.py first seen with mtime 1622048035.1601853
File C:\Python39\Lib\pickle.py first seen with mtime 1620034494.0
File C:\test\Lib\site-packages\django\core\checks\security\__init__.py first seen with mtime 1622048034.9844155
File C:\Python39\Lib\unittest\runner.py first seen with mtime 1620034496.0
File C:\Python39\Lib\html\__init__.py first seen with mtime 1620034494.0
File C:\Python39\Lib\asyncio\base_futures.py first seen with mtime 1620034494.0
File C:\test\Lib\site-packages\django\utils\functional.py first seen with mtime 1622048035.2917008
File C:\test\Lib\site-packages\django\utils\translation\trans_real.py first seen with mtime 1622048035.3156369
File C:\Python39\Lib\html\parser.py first seen with mtime 1620034494.0
File C:\Python39\Lib\selectors.py first seen with mtime 1620034494.0
File C:\Python39\Lib\bz2.py first seen with mtime 1620034494.0
File C:\test\Scripts\hello_django\myhello\views.py first seen with mtime 1622048997.2005825
File C:\test\Scripts\hello_django\myhello\views.py previous mtime: 1622048997.2005825, current mtime: 1622049061.7853637
C:\test\Scripts\hello_django\myhello\views.py notified as changed. Signal results: [(<function template_changed at 0x000002228CC06280>, None), (<function translation_file_changed at 0x000002228D43D040>, None)].
C:\test\Scripts\hello_django\myhello\views.py changed, reloading.
Watching for file changes with StatReloader
Waiting for apps ready_event.
Apps ready_event triggered. Sending autoreload_started signal.
Watching dir C:\test\Scripts\hello_django\locale with glob **/*.mo.
Watching dir C:\test\Scripts\hello_django\myhello\locale with glob **/*.mo.
(0.000) 
            SELECT name, type FROM sqlite_master
            WHERE type in ('table', 'view') AND NOT name='sqlite_sequence'
            ORDER BY name; args=None
File C:\Python39\Lib\ast.py first seen with mtime 1620034494.0
File C:\test\Lib\site-packages\sqlparse\engine\grouping.py first seen with mtime 1622048030.6792564
File C:\test\Lib\site-packages\django\core\files\__init__.py first seen with mtime 1622048034.9884164
File C:\Python39\Lib\urllib\request.py first seen with mtime 1620034496.0
File C:\Python39\Lib\asyncio\selector_events.py first seen with mtime 1620034494.0
File C:\Python39\Lib\json\encoder.py first seen with mtime 1620034494.0
File C:\test\Lib\site-packages\django\contrib\staticfiles\__init__.py first seen with mtime 1622048034.9440324
File C:\test\Lib\site-packages\django\dispatch\dispatcher.py first seen with mtime 1622048035.1581903
File C:\Python39\Lib\html\parser.py first seen with mtime 1620034494.0
File C:\Python39\Lib\dis.py first seen with mtime 1620034494.0
File C:\test\Lib\site-packages\django\core\files\base.py first seen with mtime 1622048034.9894018
File C:\test\Lib\site-packages\django\db\models\fields\related_lookups.py first seen with mtime 1622048035.141236
File C:\test\Lib\site-packages\django\views\generic\__init__.py first seen with mtime 1622048035.335583
File C:\test\Lib\site-packages\django\core\files\storage.py first seen with mtime 1622048034.9933918
File C:\Python39\Lib\html\entities.py first seen with mtime 1620034494.0
File C:\test\Lib\site-packages\django\contrib\admin\views\main.py first seen with mtime 1622048032.7145727
File C:\test\Lib\site-packages\sqlparse\sql.py first seen with mtime 1622048030.6742697
File C:\test\Lib\site-packages\django\db\models\fields\related.py first seen with mtime 1622048035.1392412
File C:\Python39\Lib\importlib\__init__.py first seen with mtime 1620034494.0
File C:\Python39\Lib\_weakrefset.py first seen with mtime 1620034494.0
File C:\test\Lib\site-packages\django\core\checks\registry.py first seen with mtime 1622048034.9804258
File C:\test\Lib\site-packages\django\views\generic\base.py first seen with mtime 1622048035.335583
File C:\Python39\Lib\importlib\abc.py first seen with mtime 1620034494.0
File C:\test\Lib\site-packages\django\views\decorators\csrf.py first seen with mtime 1622048035.3305967
File C:\test\Lib\site-packages\django\middleware\csrf.py first seen with mtime 1622048035.2260096
File C:\test\Lib\site-packages\django\core\checks\translation.py first seen with mtime 1622048034.9824207
File C:\test\Lib\site-packages\django\db\models\lookups.py first seen with mtime 1622048035.1262755
File C:\Python39\Lib\secrets.py first seen with mtime 1620034494.0
File C:\test\Lib\site-packages\django\contrib\contenttypes\checks.py first seen with mtime 1622048033.1731994
File C:\test\Lib\site-packages\django\core\checks\security\csrf.py first seen with mtime 1622048034.98641
File C:\test\Lib\site-packages\django\db\backends\sqlite3\schema.py first seen with mtime 1622048035.0971751
File C:\test\Lib\site-packages\sqlparse\tokens.py first seen with mtime 1622048030.6752677
File C:\Python39\DLLs\_hashlib.pyd first seen with mtime 1620034544.0
File C:\test\Lib\site-packages\django\core\files\temp.py first seen with mtime 1622048034.9943886
File C:\test\Lib\site-packages\django\template\loaders\filesystem.py first seen with mtime 1622048035.2525487
File C:\Python39\Lib\asyncio\log.py first seen with mtime 1620034494.0
File C:\test\Lib\site-packages\django\contrib\auth\signals.py first seen with mtime 1622048032.9379566
File C:\Python39\Lib\http\__init__.py first seen with mtime 1620034494.0
File C:\Python39\Lib\operator.py first seen with mtime 1620034494.0
File C:\test\Lib\site-packages\sqlparse\formatter.py first seen with mtime 1622048030.669308
File C:\test\Lib\site-packages\django\contrib\messages\api.py first seen with mtime 1622048034.0936182
File C:\Python39\Lib\opcode.py first seen with mtime 1620034494.0
File C:\test\Lib\site-packages\django\core\paginator.py first seen with mtime 1622048034.9624734
File C:\test\Lib\site-packages\django\utils\translation\trans_real.py first seen with mtime 1622048035.3156369
File C:\Python39\DLLs\_asyncio.pyd first seen with mtime 1620034544.0
File C:\test\Lib\site-packages\django\utils\http.py first seen with mtime 1622048035.294693
File C:\Python39\DLLs\_bz2.pyd first seen with mtime 1620034544.0
File C:\test\Lib\site-packages\sqlparse\engine\statement_splitter.py first seen with mtime 1622048030.680254
File C:\test\Lib\site-packages\django\template\autoreload.py first seen with mtime 1622048035.230996
File C:\Python39\Lib\importlib\machinery.py first seen with mtime 1620034494.0
File C:\Python39\Lib\asyncio\base_futures.py first seen with mtime 1620034494.0
File C:\test\Lib\site-packages\django\db\utils.py first seen with mtime 1622048035.0479076
File C:\Python39\Lib\numbers.py first seen with mtime 1620034494.0
File C:\Python39\Lib\bisect.py first seen with mtime 1620034494.0
File C:\Python39\Lib\unittest\case.py first seen with mtime 1620034496.0
File C:\Python39\Lib\pprint.py first seen with mtime 1620034494.0
File C:\test\Lib\site-packages\django\core\wsgi.py first seen with mtime 1622048034.9664629
File C:\test\Lib\site-packages\django\contrib\contenttypes\admin.py first seen with mtime 1622048033.1722012
File C:\test\Scripts\hello_django\myhello\admin.py first seen with mtime 1622048440.3745787
File C:\Python39\Lib\collections\abc.py first seen with mtime 1620034494.0
File C:\Python39\Lib\mimetypes.py first seen with mtime 1620034494.0
File C:\Python39\Lib\quopri.py first seen with mtime 1620034494.0
File C:\test\Lib\site-packages\django\db\models\fields\related_descriptors.py first seen with mtime 1622048035.1402383
File C:\test\Lib\site-packages\django\core\cache\backends\filebased.py first seen with mtime 1622048034.9724472
File C:\test\Lib\site-packages\django\db\models\functions\window.py first seen with mtime 1622048035.148218
File C:\test\Lib\site-packages\django\db\backends\base\operations.py first seen with mtime 1622048035.0572865
File C:\Python39\Lib\email\mime\message.py first seen with mtime 1620034494.0
File C:\Python39\Lib\email\utils.py first seen with mtime 1620034494.0
File C:\test\Lib\site-packages\django\templatetags\__init__.py first seen with mtime 1622048035.253548
File C:\test\Lib\site-packages\django\db\migrations\state.py first seen with mtime 1622048035.1091435
File C:\test\Lib\site-packages\sqlparse\filters\right_margin.py first seen with mtime 1622048030.6862376
File C:\Python39\Lib\re.py first seen with mtime 1620034494.0
File C:\test\Lib\site-packages\django\contrib\messages\constants.py first seen with mtime 1622048034.0956132
File C:\test\Lib\site-packages\django\forms\formsets.py first seen with mtime 1622048035.163177
File C:\test\Lib\site-packages\django\db\models\functions\comparison.py first seen with mtime 1622048035.144228
File C:\test\Lib\site-packages\django\template\backends\django.py first seen with mtime 1622048035.2459552
File C:\Python39\Lib\email\errors.py first seen with mtime 1620034494.0
File C:\Python39\Lib\shutil.py first seen with mtime 1620034494.0
File C:\Python39\Lib\wsgiref\handlers.py first seen with mtime 1620034496.0
File C:\test\Lib\site-packages\django\views\decorators\__init__.py first seen with mtime 1622048035.3256109
File C:\test\Lib\site-packages\django\core\checks\database.py first seen with mtime 1622048034.9774337
File C:\test\Lib\site-packages\django\middleware\__init__.py first seen with mtime 1622048035.2220204
File C:\test\Lib\site-packages\django\db\backends\__init__.py first seen with mtime 1622048035.048905
File C:\Python39\Lib\email\policy.py first seen with mtime 1620034494.0
File C:\test\Lib\site-packages\django\db\transaction.py first seen with mtime 1622048035.0469103
File C:\test\Lib\site-packages\django\contrib\sessions\__init__.py first seen with mtime 1622048034.5286129
File C:\test\Lib\site-packages\django\contrib\contenttypes\apps.py first seen with mtime 1622048033.1722012
File C:\test\Lib\site-packages\django\contrib\admin\utils.py first seen with mtime 1622048032.1413236
File C:\test\Lib\site-packages\django\core\management\color.py first seen with mtime 1622048035.0126395
File C:\test\Lib\site-packages\django\db\models\query_utils.py first seen with mtime 1622048035.1302652
File C:\test\Lib\site-packages\django\http\cookie.py first seen with mtime 1622048035.2170331
File C:\Python39\Lib\encodings\latin_1.py first seen with mtime 1620034494.0
File C:\test\Scripts\hello_django\myhello\apps.py first seen with mtime 1622048440.3825564
File C:\test\Lib\site-packages\django\db\models\__init__.py first seen with mtime 1622048035.1181314
File C:\Python39\Lib\gettext.py first seen with mtime 1620034494.0
File C:\test\Lib\site-packages\django\core\handlers\__init__.py first seen with mtime 1622048034.9983773
File C:\Python39\Lib\concurrent\futures\_base.py first seen with mtime 1620034494.0
File C:\test\Lib\site-packages\django\core\checks\security\__init__.py first seen with mtime 1622048034.9844155
File C:\test\Lib\site-packages\django\utils\dateparse.py first seen with mtime 1622048035.2827249
File C:\test\Lib\site-packages\django\contrib\sessions\base_session.py first seen with mtime 1622048034.5305955
File C:\test\Lib\site-packages\django\urls\resolvers.py first seen with mtime 1622048035.2707565
File C:\test\Lib\site-packages\django\db\models\base.py first seen with mtime 1622048035.120114
File C:\test\Lib\site-packages\django\core\handlers\base.py first seen with mtime 1622048035.0003774
File C:\test\Lib\site-packages\django\utils\datastructures.py first seen with mtime 1622048035.28073
File C:\Python39\Lib\difflib.py first seen with mtime 1620034494.0
File C:\test\Lib\site-packages\django\apps\registry.py first seen with mtime 1622048031.7665732
File C:\test\Lib\site-packages\django\db\models\fields\mixins.py first seen with mtime 1622048035.136263
File C:\test\Lib\site-packages\django\views\generic\edit.py first seen with mtime 1622048035.3385756
File C:\test\Lib\site-packages\django\template\loader.py first seen with mtime 1622048035.2399774
File C:\Python39\Lib\asyncio\locks.py first seen with mtime 1620034494.0
File C:\test\Lib\site-packages\django\core\checks\security\base.py first seen with mtime 1622048034.9854124
File C:\test\Lib\site-packages\_virtualenv.py first seen with mtime 1622047684.222633
File C:\test\Lib\site-packages\django\db\backends\sqlite3\operations.py first seen with mtime 1622048035.0961778
File C:\test\Lib\site-packages\django\contrib\admin\helpers.py first seen with mtime 1622048032.136339
File C:\test\Lib\site-packages\django\db\models\sql\query.py first seen with mtime 1622048035.1542177
File C:\Python39\Lib\typing.py first seen with mtime 1620034496.0
File C:\test\Lib\site-packages\django\urls\__init__.py first seen with mtime 1622048035.2667675
File C:\test\Lib\site-packages\django\db\migrations\operations\__init__.py first seen with mtime 1622048035.112135
File C:\test\Lib\site-packages\django\contrib\admin\models.py first seen with mtime 1622048032.136339
File C:\test\Lib\site-packages\django\dispatch\__init__.py first seen with mtime 1622048035.1571927
File C:\test\Lib\site-packages\django\db\backends\base\__init__.py first seen with mtime 1622048035.0518968
File C:\test\Lib\site-packages\sqlparse\filters\reindent.py first seen with mtime 1622048030.6852403
File C:\test\Lib\site-packages\django\db\backends\signals.py first seen with mtime 1622048035.049914
File C:\test\Lib\site-packages\django\urls\base.py first seen with mtime 1622048035.2677648
File C:\test\Lib\site-packages\django\db\migrations\operations\base.py first seen with mtime 1622048035.1131332
File C:\test\Lib\site-packages\django\db\models\deletion.py first seen with mtime 1622048035.1232872
File C:\test\Lib\site-packages\sqlparse\utils.py first seen with mtime 1622048030.6762643
File C:\test\Lib\site-packages\django\db\backends\base\base.py first seen with mtime 1622048035.052894
File C:\Python39\Lib\stat.py first seen with mtime 1620034494.0
File C:\Python39\Lib\unittest\__init__.py first seen with mtime 1620034496.0
File C:\test\Lib\site-packages\django\conf\urls\__init__.py first seen with mtime 1622048032.1253664
File C:\Python39\Lib\email\message.py first seen with mtime 1620034494.0
File C:\test\Lib\site-packages\django\template\defaulttags.py first seen with mtime 1622048035.2359824
File C:\test\Lib\site-packages\django\db\migrations\operations\special.py first seen with mtime 1622048035.1161246
File C:\test\Lib\site-packages\django\db\models\signals.py first seen with mtime 1622048035.1312623
File C:\test\Lib\site-packages\django\core\serializers\__init__.py first seen with mtime 1622048035.0389314
File C:\test\Lib\site-packages\django\utils\termcolors.py first seen with mtime 1622048035.3046663
File C:\test\Lib\site-packages\asgiref\sync.py first seen with mtime 1622048031.6290293
File C:\test\Lib\site-packages\django\utils\asyncio.py first seen with mtime 1622048035.2747464
File C:\Python39\DLLs\_sqlite3.pyd first seen with mtime 1620034544.0
File C:\test\Lib\site-packages\django\core\files\images.py first seen with mtime 1622048034.9903994
File C:\Python39\Lib\socketserver.py first seen with mtime 1620034494.0
File C:\Python39\Lib\concurrent\__init__.py first seen with mtime 1620034494.0
File C:\test\Lib\site-packages\django\contrib\admin\filters.py first seen with mtime 1622048032.1343422
File C:\test\Lib\site-packages\django\core\serializers\base.py first seen with mtime 1622048035.0399292
File C:\Python39\Lib\decimal.py first seen with mtime 1620034494.0
File C:\test\Lib\site-packages\django\forms\forms.py first seen with mtime 1622048035.163177
File C:\test\Lib\site-packages\django\utils\safestring.py first seen with mtime 1622048035.3036778
File C:\test\Lib\site-packages\django\contrib\sites\__init__.py first seen with mtime 1622048034.744312
File C:\test\Lib\site-packages\django\contrib\contenttypes\fields.py first seen with mtime 1622048033.1741962
File C:\Python39\Lib\email\charset.py first seen with mtime 1620034494.0
File C:\test\Lib\site-packages\django\db\models\expressions.py first seen with mtime 1622048035.1252787
File C:\Python39\Lib\email\_encoded_words.py first seen with mtime 1620034494.0
File C:\test\Lib\site-packages\django\utils\autoreload.py first seen with mtime 1622048035.275743
File C:\Python39\Lib\contextvars.py first seen with mtime 1620034494.0
File C:\Python39\Lib\asyncio\queues.py first seen with mtime 1620034494.0
File C:\Python39\Lib\linecache.py first seen with mtime 1620034494.0
File C:\Python39\Lib\json\decoder.py first seen with mtime 1620034494.0
File C:\test\Lib\site-packages\django\core\management\__init__.py first seen with mtime 1622048035.0116422
File C:\Python39\Lib\_sitebuiltins.py first seen with mtime 1620034494.0
File C:\test\Lib\site-packages\django\urls\conf.py first seen with mtime 1622048035.2687619
File C:\Python39\Lib\json\__init__.py first seen with mtime 1620034494.0
File C:\Python39\Lib\types.py first seen with mtime 1620034496.0
File C:\test\Lib\site-packages\django\contrib\contenttypes\forms.py first seen with mtime 1622048033.1751938
File C:\test\Lib\site-packages\django\utils\duration.py first seen with mtime 1622048035.2877116
File C:\Python39\Lib\ssl.py first seen with mtime 1620034494.0
File C:\test\Lib\site-packages\django\db\models\fields\reverse_related.py first seen with mtime 1622048035.1422334
File C:\test\Lib\site-packages\django\core\management\base.py first seen with mtime 1622048035.0126395
File C:\test\Lib\site-packages\django\db\backends\sqlite3\__init__.py first seen with mtime 1622048035.0911913
File C:\test\Lib\site-packages\django\utils\cache.py first seen with mtime 1622048035.2777383
File C:\Python39\Lib\importlib\util.py first seen with mtime 1620034494.0
File C:\test\Lib\site-packages\django\views\static.py first seen with mtime 1622048035.3236158
File C:\test\Lib\site-packages\django\core\files\utils.py first seen with mtime 1622048034.9973805
File C:\Python39\Lib\_bootlocale.py first seen with mtime 1620034494.0
File C:\test\Lib\site-packages\django\forms\__init__.py first seen with mtime 1622048035.1591873
File C:\Python39\Lib\sre_constants.py first seen with mtime 1620034494.0
File C:\Python39\Lib\datetime.py first seen with mtime 1620034494.0
File C:\test\Lib\site-packages\django\db\backends\sqlite3\base.py first seen with mtime 1622048035.0921888
File C:\test\Lib\site-packages\django\__init__.py first seen with mtime 1622048031.7615879
File C:\Python39\Lib\keyword.py first seen with mtime 1620034494.0
File C:\test\Lib\site-packages\sqlparse\filters\__init__.py first seen with mtime 1622048030.682248
File C:\test\Lib\site-packages\django\contrib\messages\__init__.py first seen with mtime 1622048034.0926206
File C:\test\Lib\site-packages\django\contrib\contenttypes\__init__.py first seen with mtime 1622048033.171206
File C:\test\Lib\site-packages\django\urls\exceptions.py first seen with mtime 1622048035.2697597
File C:\Python39\Lib\threading.py first seen with mtime 1620034496.0
File C:\test\Lib\site-packages\sqlparse\filters\output.py first seen with mtime 1622048030.6842432
File C:\Python39\Lib\asyncio\threads.py first seen with mtime 1620034494.0
File C:\test\Lib\site-packages\django\utils\inspect.py first seen with mtime 1622048035.29569
File C:\test\Lib\site-packages\django\contrib\auth\password_validation.py first seen with mtime 1622048032.936948
File C:\test\Lib\site-packages\pytz\tzinfo.py first seen with mtime 1622048030.9896514
File C:\Python39\Lib\logging\handlers.py first seen with mtime 1620034494.0
File C:\Python39\Lib\codecs.py first seen with mtime 1620034494.0
File C:\test\Lib\site-packages\django\templatetags\tz.py first seen with mtime 1622048035.2585344
File C:\Python39\Lib\asyncio\coroutines.py first seen with mtime 1620034494.0
File C:\test\Lib\site-packages\django\db\models\constants.py first seen with mtime 1622048035.1211112
File C:\Python39\Lib\cgi.py first seen with mtime 1620034494.0
File C:\test\Lib\site-packages\django\conf\global_settings.py first seen with mtime 1622048031.7696145
File C:\test\Lib\site-packages\django\contrib\auth\__init__.py first seen with mtime 1622048032.9255013
File C:\Python39\Lib\gzip.py first seen with mtime 1620034494.0
File C:\test\Lib\site-packages\django\core\management\commands\__init__.py first seen with mtime 1622048035.015993
File C:\test\Lib\site-packages\django\contrib\staticfiles\management\commands\runserver.py first seen with mtime 1622048034.9560006
File C:\test\Lib\site-packages\django\db\migrations\migration.py first seen with mtime 1622048035.1041567
File C:\Python39\Lib\getpass.py first seen with mtime 1620034494.0
File C:\test\Lib\site-packages\django\utils\decorators.py first seen with mtime 1622048035.2857163
File C:\test\Lib\site-packages\django\utils\timezone.py first seen with mtime 1622048035.307658
File C:\test\Lib\site-packages\django\core\servers\__init__.py first seen with mtime 1622048035.044916
File C:\Python39\Lib\platform.py first seen with mtime 1620034494.0
File C:\test\Lib\site-packages\django\contrib\sessions\middleware.py first seen with mtime 1622048034.5335982
File C:\test\Lib\site-packages\django\utils\lorem_ipsum.py first seen with mtime 1622048035.3006766
File C:\test\Lib\site-packages\django\views\i18n.py first seen with mtime 1622048035.322618
File C:\Python39\Lib\random.py first seen with mtime 1620034494.0
File C:\test\Lib\site-packages\django\utils\numberformat.py first seen with mtime 1622048035.3016741
File C:\test\Lib\site-packages\django\contrib\staticfiles\management\__init__.py first seen with mtime 1622048034.95301
File C:\Python39\Lib\selectors.py first seen with mtime 1620034494.0
File C:\test\Lib\site-packages\django\apps\__init__.py first seen with mtime 1622048031.7646034
File C:\test\Lib\site-packages\django\utils\crypto.py first seen with mtime 1622048035.279733
File C:\test\Lib\site-packages\django\db\models\functions\math.py first seen with mtime 1622048035.1462226
File C:\Python39\Lib\json\scanner.py first seen with mtime 1620034494.0
File C:\test\Lib\site-packages\django\conf\__init__.py first seen with mtime 1622048031.768569
File C:\test\Lib\site-packages\django\db\models\fields\proxy.py first seen with mtime 1622048035.1372528
File C:\Python39\Lib\email\contentmanager.py first seen with mtime 1620034494.0
File C:\Python39\Lib\sqlite3\dbapi2.py first seen with mtime 1620034494.0
File C:\test\Lib\site-packages\sqlparse\lexer.py first seen with mtime 1622048030.673273
File C:\Python39\Lib\email\mime\multipart.py first seen with mtime 1620034494.0
File C:\test\Lib\site-packages\django\core\mail\__init__.py first seen with mtime 1622048035.0023792
File C:\test\Lib\site-packages\django\core\checks\templates.py first seen with mtime 1622048034.9804258
File C:\test\Lib\site-packages\django\template\defaultfilters.py first seen with mtime 1622048035.2349854
File C:\Python39\Lib\email\header.py first seen with mtime 1620034494.0
File C:\Python39\Lib\os.py first seen with mtime 1620034494.0
File C:\Python39\Lib\email\base64mime.py first seen with mtime 1620034494.0
File C:\Python39\Lib\signal.py first seen with mtime 1620034494.0
File C:\test\Lib\site-packages\django\contrib\admin\apps.py first seen with mtime 1622048032.130353
File C:\Python39\Lib\ctypes\__init__.py first seen with mtime 1620034494.0
File C:\test\Lib\site-packages\django\utils\baseconv.py first seen with mtime 1622048035.2767406
File C:\test\Lib\site-packages\asgiref\__init__.py first seen with mtime 1622048031.6220472
File C:\Python39\DLLs\_ctypes.pyd first seen with mtime 1620034544.0
File C:\test\Lib\site-packages\django\utils\timesince.py first seen with mtime 1622048035.3066607
File C:\test\Lib\site-packages\django\utils\formats.py first seen with mtime 1622048035.2907035
File C:\Python39\Lib\email\mime\__init__.py first seen with mtime 1620034494.0
File C:\test\Lib\site-packages\django\core\__init__.py first seen with mtime 1622048034.9594817
File C:\Python39\Lib\fractions.py first seen with mtime 1620034494.0
File C:\Python39\DLLs\_decimal.pyd first seen with mtime 1620034546.0
File C:\test\Lib\site-packages\django\utils\html.py first seen with mtime 1622048035.2936957
File C:\Python39\DLLs\_ssl.pyd first seen with mtime 1620034546.0
File C:\test\Lib\site-packages\django\db\models\functions\text.py first seen with mtime 1622048035.1472194
File C:\Python39\Lib\email\mime\base.py first seen with mtime 1620034494.0
File C:\Python39\Lib\urllib\error.py first seen with mtime 1620034496.0
File C:\Python39\Lib\inspect.py first seen with mtime 1620034494.0
File C:\test\Lib\site-packages\django\utils\datetime_safe.py first seen with mtime 1622048035.2837217
File C:\Python39\Lib\ctypes\wintypes.py first seen with mtime 1620034494.0
File C:\Python39\Lib\asyncio\streams.py first seen with mtime 1620034494.0
File C:\test\Lib\site-packages\django\template\backends\__init__.py first seen with mtime 1622048035.2439704
File C:\Python39\Lib\email\mime\nonmultipart.py first seen with mtime 1620034494.0
File C:\Python39\Lib\asyncio\protocols.py first seen with mtime 1620034494.0
File C:\Python39\Lib\unittest\util.py first seen with mtime 1620034496.0
File C:\Python39\Lib\asyncio\format_helpers.py first seen with mtime 1620034494.0
File C:\Python39\Lib\weakref.py first seen with mtime 1620034496.0
File C:\Python39\Lib\distutils\version.py first seen with mtime 1620034494.0
File C:\test\Lib\site-packages\django\contrib\admin\widgets.py first seen with mtime 1622048032.142321
File C:\test\Lib\site-packages\django\urls\utils.py first seen with mtime 1622048035.2717547
File C:\Python39\Lib\asyncio\runners.py first seen with mtime 1620034494.0
File C:\test\Lib\site-packages\django\contrib\sessions\models.py first seen with mtime 1622048034.5335982
File C:\test\Lib\site-packages\django\db\migrations\operations\utils.py first seen with mtime 1622048035.1171305
File C:\Python39\Lib\unittest\main.py first seen with mtime 1620034496.0
File C:\Python39\Lib\wsgiref\__init__.py first seen with mtime 1620034496.0
File C:\test\Lib\site-packages\django\template\backends\base.py first seen with mtime 1622048035.2449582
File C:\Python39\Lib\logging\config.py first seen with mtime 1620034494.0
File C:\test\Lib\site-packages\django\views\decorators\common.py first seen with mtime 1622048035.3296072
File C:\test\Lib\site-packages\django\db\backends\base\creation.py first seen with mtime 1622048035.0548887
File C:\Python39\Lib\asyncio\windows_utils.py first seen with mtime 1620034494.0
File C:\test\Lib\site-packages\django\middleware\common.py first seen with mtime 1622048035.225012
File C:\test\Lib\site-packages\django\templatetags\static.py first seen with mtime 1622048035.2565472
File C:\Python39\Lib\traceback.py first seen with mtime 1620034496.0
File C:\test\Lib\site-packages\django\contrib\staticfiles\finders.py first seen with mtime 1622048034.9470243
File C:\test\Lib\site-packages\django\db\__init__.py first seen with mtime 1622048035.0459125
File C:\test\Lib\site-packages\django\db\models\fields\files.py first seen with mtime 1622048035.1342542
File C:\test\Lib\site-packages\django\core\signals.py first seen with mtime 1622048034.9634714
File C:\test\Lib\site-packages\django\template\loaders\__init__.py first seen with mtime 1622048035.2489476
File C:\test\Lib\site-packages\django\template\response.py first seen with mtime 1622048035.2419734
File C:\test\Lib\site-packages\django\template\engine.py first seen with mtime 1622048035.2369795
File C:\test\Lib\site-packages\django\contrib\messages\middleware.py first seen with mtime 1622048034.0966172
File C:\test\Lib\site-packages\django\contrib\sessions\backends\__init__.py first seen with mtime 1622048034.5355794
File C:\test\Lib\site-packages\django\core\cache\__init__.py first seen with mtime 1622048034.967461
File C:\test\Lib\site-packages\django\db\models\sql\where.py first seen with mtime 1622048035.1561987
File C:\test\Lib\site-packages\django\utils\itercompat.py first seen with mtime 1622048035.297685
File C:\test\Lib\site-packages\django\db\migrations\operations\models.py first seen with mtime 1622048035.1151273
File C:\test\Lib\site-packages\django\core\files\locks.py first seen with mtime 1622048034.9913971
File C:\test\Lib\site-packages\django\template\loaders\base.py first seen with mtime 1622048035.249945
File C:\test\Lib\site-packages\django\db\models\manager.py first seen with mtime 1622048035.127273
File C:\test\Lib\site-packages\pytz\lazy.py first seen with mtime 1622048030.9866593
File C:\Python39\Lib\email\generator.py first seen with mtime 1620034494.0
File C:\test\Lib\site-packages\django\contrib\sessions\backends\base.py first seen with mtime 1622048034.5365977
File C:\test\Lib\site-packages\django\contrib\admin\decorators.py first seen with mtime 1622048032.1323495
File C:\test\Lib\site-packages\django\db\models\query.py first seen with mtime 1622048035.1292675
File C:\test\Lib\site-packages\django\db\migrations\__init__.py first seen with mtime 1622048035.0981724
File C:\test\Lib\site-packages\django\contrib\auth\validators.py first seen with mtime 1622048032.9399402
File C:\test\Lib\site-packages\django\contrib\admin\sites.py first seen with mtime 1622048032.1393409
File C:\test\Lib\site-packages\django\core\checks\__init__.py first seen with mtime 1622048034.9754388
File C:\test\Lib\site-packages\django\contrib\auth\middleware.py first seen with mtime 1622048032.9349535
File C:\Python39\Lib\unittest\runner.py first seen with mtime 1620034496.0
File C:\Python39\Lib\statistics.py first seen with mtime 1620034494.0
File C:\Python39\Lib\contextlib.py first seen with mtime 1620034494.0
File C:\test\Lib\site-packages\django\core\serializers\json.py first seen with mtime 1622048035.0399292
File C:\Python39\Lib\warnings.py first seen with mtime 1620034496.0
File C:\test\Lib\site-packages\django\http\response.py first seen with mtime 1622048035.221024
File C:\test\Lib\site-packages\django\template\__init__.py first seen with mtime 1622048035.2299986
File C:\test\Lib\site-packages\django\core\exceptions.py first seen with mtime 1622048034.9614763
File C:\Python39\Lib\sre_compile.py first seen with mtime 1620034494.0
File C:\Python39\Lib\nturl2path.py first seen with mtime 1620034494.0
File C:\test\Lib\site-packages\django\utils\dates.py first seen with mtime 1622048035.2827249
File C:\Python39\Lib\urllib\parse.py first seen with mtime 1620034496.0
File C:\test\Lib\site-packages\django\db\models\functions\__init__.py first seen with mtime 1622048035.1432302
File C:\test\Lib\site-packages\django\forms\utils.py first seen with mtime 1622048035.167167
File C:\test\Lib\site-packages\django\db\backends\sqlite3\creation.py first seen with mtime 1622048035.0931857
File C:\test\Lib\site-packages\django\core\checks\async_checks.py first seen with mtime 1622048034.9754388
File C:\Python39\Lib\pickle.py first seen with mtime 1620034494.0
File C:\test\Lib\site-packages\django\contrib\staticfiles\views.py first seen with mtime 1622048034.952011
File C:\test\Lib\site-packages\django\template\base.py first seen with mtime 1622048035.2319932
File C:\test\Lib\site-packages\django\db\backends\base\features.py first seen with mtime 1622048035.0558858
File C:\Python39\Lib\pkgutil.py first seen with mtime 1620034494.0
File C:\Python39\Lib\string.py first seen with mtime 1620034494.0
File C:\test\Lib\site-packages\django\urls\converters.py first seen with mtime 1622048035.2687619
File C:\Python39\Lib\genericpath.py first seen with mtime 1620034494.0
File C:\test\Lib\site-packages\django\contrib\__init__.py first seen with mtime 1622048032.1283584
File C:\test\Lib\site-packages\django\contrib\auth\hashers.py first seen with mtime 1622048032.933956
File C:\Python39\Lib\email\_parseaddr.py first seen with mtime 1620034494.0
File C:\test\Lib\site-packages\django\views\debug.py first seen with mtime 1622048035.3196259
File C:\test\Lib\site-packages\django\views\generic\list.py first seen with mtime 1622048035.3395724
File C:\test\Lib\site-packages\django\forms\models.py first seen with mtime 1622048035.1651719
File C:\test\Lib\site-packages\django\contrib\staticfiles\utils.py first seen with mtime 1622048034.952011
File C:\Python39\Lib\token.py first seen with mtime 1620034496.0
File C:\test\Lib\site-packages\django\conf\locale\__init__.py first seen with mtime 1622048031.776548
File C:\test\Lib\site-packages\pytz\tzfile.py first seen with mtime 1622048030.9886541
File C:\test\Lib\site-packages\sqlparse\cli.py first seen with mtime 1622048030.6652958
File C:\test\Lib\site-packages\django\db\models\sql\datastructures.py first seen with mtime 1622048035.1532042
File C:\test\Lib\site-packages\django\utils\text.py first seen with mtime 1622048035.3056636
File C:\test\Scripts\hello_django\manage.py first seen with mtime 1622048181.4828668
File C:\test\Lib\site-packages\django\contrib\contenttypes\models.py first seen with mtime 1622048033.176212
File C:\test\Scripts\hello_django\myhello\__init__.py first seen with mtime 1622048440.4074872
File C:\test\Scripts\hello_django\myhello\models.py first seen with mtime 1622048440.3955202
File C:\test\Lib\site-packages\sqlparse\__init__.py first seen with mtime 1622048030.6623652
File C:\test\Lib\site-packages\django\db\models\sql\subqueries.py first seen with mtime 1622048035.155198
File C:\test\Lib\site-packages\django\utils\translation\reloader.py first seen with mtime 1622048035.3126447
File C:\test\Lib\site-packages\django\core\servers\basehttp.py first seen with mtime 1622048035.0459125
File C:\test\Lib\site-packages\django\db\models\indexes.py first seen with mtime 1622048035.1262755
File C:\Python39\DLLs\_queue.pyd first seen with mtime 1620034544.0
File C:\test\Lib\site-packages\django\utils\_os.py first seen with mtime 1622048035.2737486
File C:\Python39\Lib\email\headerregistry.py first seen with mtime 1620034494.0
File C:\test\Lib\site-packages\django\contrib\admin\checks.py first seen with mtime 1622048032.1313508
File C:\Python39\Lib\email\feedparser.py first seen with mtime 1620034494.0
File C:\Python39\Lib\_compat_pickle.py first seen with mtime 1620034494.0
File C:\Python39\Lib\enum.py first seen with mtime 1620034494.0
File C:\test\Lib\site-packages\django\utils\deconstruct.py first seen with mtime 1622048035.284719
File C:\test\Lib\site-packages\django\contrib\admin\templatetags\admin_modify.py first seen with mtime 1622048032.7085888
File C:\Python39\Lib\hashlib.py first seen with mtime 1620034494.0
File C:\test\Lib\site-packages\django\db\backends\sqlite3\features.py first seen with mtime 1622048035.0941837
File C:\test\Lib\site-packages\django\db\migrations\exceptions.py first seen with mtime 1622048035.100167
File C:\test\Lib\site-packages\asgiref\local.py first seen with mtime 1622048031.625042
File C:\test\Lib\site-packages\django\contrib\auth\models.py first seen with mtime 1622048032.9359505
File C:\test\Lib\site-packages\django\views\defaults.py first seen with mtime 1622048035.3206234
File C:\test\Lib\site-packages\django\core\validators.py first seen with mtime 1622048034.965479
File C:\test\Lib\site-packages\pytz\__init__.py first seen with mtime 1622048030.9846647
File C:\Python39\Lib\fnmatch.py first seen with mtime 1620034494.0
File C:\Python39\Lib\email\mime\text.py first seen with mtime 1620034494.0
File C:\test\Lib\site-packages\django\middleware\security.py first seen with mtime 1622048035.2290008
File C:\test\Lib\site-packages\django\core\checks\urls.py first seen with mtime 1622048034.9834192
File C:\test\Lib\site-packages\django\template\exceptions.py first seen with mtime 1622048035.2379768
File C:\test\Lib\site-packages\django\db\backends\base\introspection.py first seen with mtime 1622048035.0558858
File C:\Python39\Lib\concurrent\futures\thread.py first seen with mtime 1620034494.0
File C:\test\Lib\site-packages\django\http\multipartparser.py first seen with mtime 1622048035.2180312
File C:\test\Lib\site-packages\django\contrib\staticfiles\handlers.py first seen with mtime 1622048034.948022
File C:\Python39\Lib\asyncio\base_tasks.py first seen with mtime 1620034494.0
File C:\test\Lib\site-packages\django\contrib\auth\backends.py first seen with mtime 1622048032.9284935
File C:\test\Lib\site-packages\django\db\backends\base\schema.py first seen with mtime 1622048035.0592768
File C:\test\Lib\site-packages\django\template\loaders\app_directories.py first seen with mtime 1622048035.249945
File C:\Python39\Lib\posixpath.py first seen with mtime 1620034494.0
File C:\test\Lib\site-packages\django\utils\connection.py first seen with mtime 1622048035.2787354
File C:\Python39\DLLs\select.pyd first seen with mtime 1620034546.0
File C:\test\Lib\site-packages\django\utils\module_loading.py first seen with mtime 1622048035.3006766
File C:\Python39\DLLs\_lzma.pyd first seen with mtime 1620034546.0
File C:\Python39\Lib\unittest\suite.py first seen with mtime 1620034496.0
File C:\Python39\Lib\email\iterators.py first seen with mtime 1620034494.0
File C:\Python39\DLLs\_socket.pyd first seen with mtime 1620034544.0
File C:\Python39\Lib\asyncio\tasks.py first seen with mtime 1620034494.0
File C:\test\Lib\site-packages\django\contrib\admin\options.py first seen with mtime 1622048032.138332
File C:\test\Lib\site-packages\django\core\mail\utils.py first seen with mtime 1622048035.0043614
File C:\Python39\Lib\uuid.py first seen with mtime 1620034496.0
File C:\test\Lib\site-packages\django\templatetags\cache.py first seen with mtime 1622048035.2545447
File C:\test\Lib\site-packages\django\core\checks\messages.py first seen with mtime 1622048034.978431
File C:\Python39\Lib\lzma.py first seen with mtime 1620034494.0
File C:\Python39\DLLs\_uuid.pyd first seen with mtime 1620034544.0
File C:\Python39\Lib\asyncio\transports.py first seen with mtime 1620034494.0
File C:\Python39\Lib\asyncio\sslproto.py first seen with mtime 1620034494.0
File C:\test\Lib\site-packages\django\core\files\move.py first seen with mtime 1622048034.992394
File C:\test\Lib\site-packages\django\contrib\sessions\apps.py first seen with mtime 1622048034.5295982
File C:\test\Lib\site-packages\django\utils\ipv6.py first seen with mtime 1622048035.2966876
File C:\test\Lib\site-packages\django\views\decorators\cache.py first seen with mtime 1622048035.3276048
File C:\Python39\Lib\hmac.py first seen with mtime 1620034494.0
File C:\test\Lib\site-packages\django\template\loader_tags.py first seen with mtime 1622048035.2409687
File C:\test\Lib\site-packages\django\middleware\cache.py first seen with mtime 1622048035.223017
File C:\test\Lib\site-packages\django\utils\__init__.py first seen with mtime 1622048035.2727513
File C:\Python39\Lib\argparse.py first seen with mtime 1620034494.0
File C:\test\Lib\site-packages\sqlparse\keywords.py first seen with mtime 1622048030.6712785
File C:\test\Lib\site-packages\django\core\cache\backends\__init__.py first seen with mtime 1622048034.9694548
File C:\test\Lib\site-packages\django\db\models\enums.py first seen with mtime 1622048035.1242857
File C:\test\Lib\site-packages\django\core\checks\model_checks.py first seen with mtime 1622048034.979428
File C:\test\Lib\site-packages\sqlparse\exceptions.py first seen with mtime 1622048030.6672893
File C:\Python39\Lib\subprocess.py first seen with mtime 1620034494.0
File C:\Python39\Lib\wsgiref\util.py first seen with mtime 1620034496.0
File C:\test\Lib\site-packages\django\core\cache\backends\base.py first seen with mtime 1622048034.970453
File C:\Python39\Lib\copyreg.py first seen with mtime 1620034494.0
File C:\Python39\Lib\wsgiref\simple_server.py first seen with mtime 1620034496.0
File C:\test\Scripts\hello_django\myhello\urls.py first seen with mtime 1622048933.4649768
File C:\test\Lib\site-packages\django\db\backends\sqlite3\introspection.py first seen with mtime 1622048035.0951805
File C:\test\Lib\site-packages\sqlparse\filters\tokens.py first seen with mtime 1622048030.6872642
File C:\Python39\Lib\asyncio\proactor_events.py first seen with mtime 1620034494.0
File C:\Python39\DLLs\_overlapped.pyd first seen with mtime 1620034544.0
File C:\test\Lib\site-packages\django\core\files\uploadhandler.py first seen with mtime 1622048034.996383
File C:\test\Lib\site-packages\sqlparse\filters\others.py first seen with mtime 1622048030.683246
File C:\Python39\Lib\email\quoprimime.py first seen with mtime 1620034494.0
File C:\test\Lib\site-packages\django\db\backends\utils.py first seen with mtime 1622048035.0509002
File C:\test\Lib\site-packages\django\contrib\staticfiles\checks.py first seen with mtime 1622048034.946027
File C:\test\Lib\site-packages\django\db\models\aggregates.py first seen with mtime 1622048035.1191163
File C:\test\Lib\site-packages\django\http\request.py first seen with mtime 1622048035.2190278
File C:\test\Lib\site-packages\django\contrib\admin\views\__init__.py first seen with mtime 1622048032.712578
File C:\test\Lib\site-packages\sqlparse\engine\filter_stack.py first seen with mtime 1622048030.6782594
File C:\test\Lib\site-packages\pytz\exceptions.py first seen with mtime 1622048030.9856617
File C:\test\Lib\site-packages\django\db\models\utils.py first seen with mtime 1622048035.1322596
File C:\test\Lib\site-packages\django\contrib\auth\checks.py first seen with mtime 1622048032.9299655
File C:\test\Lib\site-packages\django\core\serializers\python.py first seen with mtime 1622048035.0419233
File C:\Python39\Lib\ctypes\_endian.py first seen with mtime 1620034494.0
File C:\Python39\Lib\struct.py first seen with mtime 1620034494.0
File C:\Python39\Lib\tempfile.py first seen with mtime 1620034494.0
File C:\test\Lib\site-packages\django\views\generic\detail.py first seen with mtime 1622048035.3375864
File C:\test\Lib\site-packages\django\core\mail\message.py first seen with mtime 1622048035.0033643
File C:\test\Lib\site-packages\django\contrib\auth\tokens.py first seen with mtime 1622048032.9389427
File C:\Python39\Lib\asyncio\exceptions.py first seen with mtime 1620034494.0
File C:\test\Lib\site-packages\django\utils\regex_helper.py first seen with mtime 1622048035.302672
File C:\Python39\Lib\encodings\aliases.py first seen with mtime 1620034494.0
File C:\Python39\Lib\collections\__init__.py first seen with mtime 1620034494.0
File C:\Python39\Lib\http\client.py first seen with mtime 1620034494.0
File C:\Python39\Lib\asyncio\base_subprocess.py first seen with mtime 1620034494.0
File C:\test\Lib\site-packages\django\core\cache\utils.py first seen with mtime 1622048034.9684575
File C:\test\Lib\site-packages\django\forms\renderers.py first seen with mtime 1622048035.1661704
File C:\test\Lib\site-packages\django\utils\log.py first seen with mtime 1622048035.2996795
File C:\Python39\Lib\email\_policybase.py first seen with mtime 1620034494.0
File C:\test\Lib\site-packages\django\template\context.py first seen with mtime 1622048035.2329905
File C:\Python39\Lib\urllib\response.py first seen with mtime 1620034496.0
File C:\test\Lib\site-packages\django\core\management\commands\runserver.py first seen with mtime 1622048035.0279624
File C:\test\Lib\site-packages\django\core\signing.py first seen with mtime 1622048034.964468
File C:\test\Lib\site-packages\django\template\library.py first seen with mtime 1622048035.238974
File C:\Python39\Lib\asyncio\windows_events.py first seen with mtime 1620034494.0
File C:\test\Lib\site-packages\django\db\migrations\utils.py first seen with mtime 1622048035.1101406
File C:\test\Lib\site-packages\django\forms\boundfield.py first seen with mtime 1622048035.1601853
File C:\Python39\Lib\email\encoders.py first seen with mtime 1620034494.0
File C:\test\Lib\site-packages\django\templatetags\l10n.py first seen with mtime 1622048035.2565472
File C:\Python39\DLLs\unicodedata.pyd first seen with mtime 1620034546.0
File C:\test\Lib\site-packages\django\contrib\auth\admin.py first seen with mtime 1622048032.926499
File C:\test\Scripts\hello_django\hello_django\settings.py first seen with mtime 1622048723.0085003
File C:\test\Lib\site-packages\django\db\models\sql\__init__.py first seen with mtime 1622048035.1492143
File C:\test\Lib\site-packages\django\core\handlers\wsgi.py first seen with mtime 1622048035.0013695
File C:\test\Lib\site-packages\django\views\decorators\debug.py first seen with mtime 1622048035.331594
File C:\Python39\Lib\asyncio\constants.py first seen with mtime 1620034494.0
File C:\test\Lib\site-packages\django\db\migrations\operations\fields.py first seen with mtime 1622048035.11413
File C:\test\Lib\site-packages\django\template\utils.py first seen with mtime 1622048035.2429633
File C:\Python39\Lib\encodings\__init__.py first seen with mtime 1620034494.0
File C:\test\Lib\site-packages\django\contrib\messages\apps.py first seen with mtime 1622048034.0946157
File C:\test\Scripts\hello_django\hello_django\__init__.py first seen with mtime 1622048181.5267231
File C:\test\Lib\site-packages\sqlparse\filters\aligned_indent.py first seen with mtime 1622048030.682248
File C:\Python39\Lib\urllib\__init__.py first seen with mtime 1620034496.0
File C:\test\Lib\site-packages\django\db\models\functions\mixins.py first seen with mtime 1622048035.1462226
File C:\Python39\Lib\email\__init__.py first seen with mtime 1620034494.0
File C:\Python39\Lib\_compression.py first seen with mtime 1620034494.0
File C:\test\Lib\site-packages\django\core\files\uploadedfile.py first seen with mtime 1622048034.995386
File C:\Python39\Lib\unittest\result.py first seen with mtime 1620034496.0
File C:\Python39\Lib\unittest\loader.py first seen with mtime 1620034496.0
File C:\Python39\Lib\asyncio\subprocess.py first seen with mtime 1620034494.0
File C:\test\Lib\site-packages\django\views\generic\dates.py first seen with mtime 1622048035.336581
File C:\Python39\Lib\_markupbase.py first seen with mtime 1620034494.0
File C:\test\Lib\site-packages\django\contrib\contenttypes\views.py first seen with mtime 1622048033.1771884
File C:\Python39\Lib\wsgiref\headers.py first seen with mtime 1620034496.0
File C:\test\Scripts\hello_django\myhello\views.py first seen with mtime 1622049061.7853637
File C:\test\Lib\site-packages\django\contrib\contenttypes\management\__init__.py first seen with mtime 1622048033.3642476
File C:\test\Lib\site-packages\django\contrib\staticfiles\apps.py first seen with mtime 1622048034.9450297
File C:\Python39\Lib\uu.py first seen with mtime 1620034496.0
File C:\Python39\Lib\base64.py first seen with mtime 1620034494.0
File C:\test\Lib\site-packages\django\core\checks\caches.py first seen with mtime 1622048034.976436
File C:\test\Lib\site-packages\django\core\checks\security\sessions.py first seen with mtime 1622048034.9874072
File C:\test\Lib\site-packages\django\db\backends\ddl_references.py first seen with mtime 1622048035.049914
File C:\test\Lib\site-packages\django\contrib\admin\templatetags\admin_list.py first seen with mtime 1622048032.7085888
File C:\test\Lib\site-packages\django\forms\widgets.py first seen with mtime 1622048035.1681764
File C:\test\Lib\site-packages\django\contrib\staticfiles\management\commands\__init__.py first seen with mtime 1622048034.9540062
File C:\test\Lib\site-packages\django\contrib\sites\shortcuts.py first seen with mtime 1622048034.7522914
File C:\Python39\Lib\abc.py first seen with mtime 1620034494.0
File C:\Python39\Lib\functools.py first seen with mtime 1620034494.0
File C:\test\Lib\site-packages\django\db\models\constraints.py first seen with mtime 1622048035.1222847
File C:\Python39\Lib\_collections_abc.py first seen with mtime 1620034494.0
File C:\test\Lib\site-packages\django\contrib\auth\apps.py first seen with mtime 1622048032.927496
File C:\test\Lib\site-packages\sqlparse\engine\__init__.py first seen with mtime 1622048030.6772616
File C:\Python39\Lib\asyncio\base_events.py first seen with mtime 1620034494.0
File C:\test\Lib\site-packages\django\contrib\admin\__init__.py first seen with mtime 1622048032.1293557
File C:\Python39\Lib\queue.py first seen with mtime 1620034494.0
File C:\test\Lib\site-packages\django\contrib\auth\base_user.py first seen with mtime 1622048032.9284935
File C:\Python39\Lib\distutils\__init__.py first seen with mtime 1620034494.0
File C:\Python39\Lib\bz2.py first seen with mtime 1620034494.0
File C:\test\Lib\site-packages\django\utils\topological_sort.py first seen with mtime 1622048035.3086557
File C:\Python39\Lib\ipaddress.py first seen with mtime 1620034494.0
File C:\test\Lib\site-packages\django\template\smartif.py first seen with mtime 1622048035.2429633
File C:\test\Lib\site-packages\django\db\models\fields\__init__.py first seen with mtime 1622048035.133257
File C:\test\Lib\site-packages\django\contrib\admin\views\autocomplete.py first seen with mtime 1622048032.712578
File C:\test\Lib\site-packages\django\apps\config.py first seen with mtime 1622048031.765597
File C:\test\Lib\site-packages\django\contrib\admin\templatetags\__init__.py first seen with mtime 1622048032.7075915
File C:\test\Lib\site-packages\django\db\models\fields\json.py first seen with mtime 1622048035.135252
File C:\test\Lib\site-packages\django\core\handlers\asgi.py first seen with mtime 1622048034.9993749
File C:\Python39\Lib\asyncio\futures.py first seen with mtime 1620034494.0
File C:\Python39\Lib\asyncio\staggered.py first seen with mtime 1620034494.0
File C:\test\Lib\site-packages\django\templatetags\i18n.py first seen with mtime 1622048035.255542
File C:\test\Lib\site-packages\django\forms\fields.py first seen with mtime 1622048035.16218
File C:\test\Lib\site-packages\django\contrib\auth\management\__init__.py first seen with mtime 1622048033.1548731
File C:\test\Lib\site-packages\django\utils\deprecation.py first seen with mtime 1622048035.2867138
File C:\test\Lib\site-packages\django\utils\functional.py first seen with mtime 1622048035.2917008
File C:\test\Lib\site-packages\django\db\backends\base\client.py first seen with mtime 1622048035.0538914
File C:\test\Lib\site-packages\django\views\__init__.py first seen with mtime 1622048035.31664
File C:\test\Lib\site-packages\django\contrib\admin\templatetags\admin_urls.py first seen with mtime 1622048032.7095866
File C:\Python39\Lib\pathlib.py first seen with mtime 1620034494.0
File C:\test\Lib\site-packages\django\contrib\admin\templatetags\base.py first seen with mtime 1622048032.7105832
File C:\test\Lib\site-packages\django\http\__init__.py first seen with mtime 1622048035.2160356
File C:\Python39\Lib\ntpath.py first seen with mtime 1620034494.0
File C:\Python39\Lib\html\__init__.py first seen with mtime 1620034494.0
File C:\Python39\Lib\concurrent\futures\__init__.py first seen with mtime 1620034494.0
File C:\test\Lib\site-packages\django\utils\translation\__init__.py first seen with mtime 1622048035.3116477
File C:\Python39\Lib\copy.py first seen with mtime 1620034494.0
File C:\Python39\Lib\asyncio\trsock.py first seen with mtime 1620034494.0
File C:\test\Lib\site-packages\django\utils\tree.py first seen with mtime 1622048035.3096528
File C:\Python39\Lib\email\parser.py first seen with mtime 1620034494.0
File C:\Python39\Lib\http\server.py first seen with mtime 1620034494.0
File C:\test\Lib\site-packages\django\core\handlers\exception.py first seen with mtime 1622048035.0013695
File C:\Python39\Lib\heapq.py first seen with mtime 1620034494.0
File C:\Python39\Lib\io.py first seen with mtime 1620034494.0
File C:\Python39\Lib\sqlite3\__init__.py first seen with mtime 1620034494.0
File C:\test\Lib\site-packages\django\db\backends\base\validation.py first seen with mtime 1622048035.0602744
File C:\Python39\Lib\email\_header_value_parser.py first seen with mtime 1620034494.0
File C:\Python39\Lib\http\cookies.py first seen with mtime 1620034494.0
File C:\test\Lib\site-packages\django\contrib\sessions\exceptions.py first seen with mtime 1622048034.5315902
File C:\test\Lib\site-packages\asgiref\current_thread_executor.py first seen with mtime 1622048031.6240423
File C:\Python39\Lib\unittest\signals.py first seen with mtime 1620034496.0
File C:\Python39\Lib\encodings\utf_8.py first seen with mtime 1620034494.0
File C:\Python39\Lib\encodings\cp950.py first seen with mtime 1620034494.0
File C:\Python39\Lib\glob.py first seen with mtime 1620034494.0
File C:\test\Scripts\hello_django\hello_django\urls.py first seen with mtime 1622048876.0950441
File C:\test\Lib\site-packages\django\utils\hashable.py first seen with mtime 1622048035.292698
File C:\Python39\Lib\calendar.py first seen with mtime 1620034494.0
File C:\Python39\Lib\logging\__init__.py first seen with mtime 1620034494.0
File C:\test\Lib\site-packages\django\db\models\options.py first seen with mtime 1622048035.1282701
File C:\test\Lib\site-packages\django\contrib\messages\storage\__init__.py first seen with mtime 1622048034.0996017
File C:\test\Lib\site-packages\django\utils\dateformat.py first seen with mtime 1622048035.2817273
File C:\Python39\Lib\sre_parse.py first seen with mtime 1620034494.0
File C:\Python39\Lib\socket.py first seen with mtime 1620034494.0
File C:\test\Lib\site-packages\django\contrib\admin\actions.py first seen with mtime 1622048032.1293557
File C:\test\Lib\site-packages\django\db\models\functions\datetime.py first seen with mtime 1622048035.1452253
File C:\Python39\Lib\asyncio\events.py first seen with mtime 1620034494.0
File C:\Python39\Lib\locale.py first seen with mtime 1620034494.0
File C:\Python39\Lib\tokenize.py first seen with mtime 1620034496.0
File C:\test\Lib\site-packages\django\contrib\auth\forms.py first seen with mtime 1622048032.9329586
File C:\Python39\Lib\reprlib.py first seen with mtime 1620034494.0
File C:\test\Lib\site-packages\django\db\models\sql\constants.py first seen with mtime 1622048035.1522067
File C:\test\Lib\site-packages\django\utils\version.py first seen with mtime 1622048035.31065
File C:\test\Lib\site-packages\django\contrib\admin\templatetags\log.py first seen with mtime 1622048032.7115808
File C:\test\Lib\site-packages\django\db\backends\sqlite3\client.py first seen with mtime 1622048035.0931857
File C:\Python39\Lib\asyncio\__init__.py first seen with mtime 1620034494.0
File C:\Python39\Lib\site.py first seen with mtime 1620034494.0
File C:\test\Lib\site-packages\django\utils\encoding.py first seen with mtime 1622048035.2887096
File C:\test\Lib\site-packages\django\contrib\admin\exceptions.py first seen with mtime 1622048032.133345
File C:\test\Lib\site-packages\django\db\migrations\recorder.py first seen with mtime 1622048035.1081467
File C:\test\Lib\site-packages\django\contrib\contenttypes\migrations\0002_remove_content_type_name.py first seen with mtime 1622048033.3672395
File C:\test\Lib\site-packages\django\contrib\admin\migrations\0002_logentry_remove_auto_add.py first seen with mtime 1622048032.540104
File C:\test\Lib\site-packages\django\contrib\auth\migrations\0003_alter_user_email_max_length.py first seen with mtime 1622048033.160231
File C:\test\Lib\site-packages\django\contrib\sessions\backends\db.py first seen with mtime 1622048034.5395694
File C:\test\Lib\site-packages\django\contrib\auth\migrations\0007_alter_validators_add_error_messages.py first seen with mtime 1622048033.1632261
File C:\test\Lib\site-packages\django\db\migrations\graph.py first seen with mtime 1622048035.1021621
File C:\test\Lib\site-packages\django\contrib\auth\migrations\0009_alter_user_last_name_max_length.py first seen with mtime 1622048033.165249
File C:\test\Lib\site-packages\django\contrib\auth\migrations\0005_alter_user_last_login_null.py first seen with mtime 1622048033.1622627
File C:\Python39\Lib\stringprep.py first seen with mtime 1620034494.0
File C:\test\Lib\site-packages\django\contrib\auth\migrations\0010_alter_group_name_max_length.py first seen with mtime 1622048033.165249
File C:\test\Lib\site-packages\django\contrib\auth\migrations\0008_alter_user_username_max_length.py first seen with mtime 1622048033.1642518
File C:\test\Lib\site-packages\django\contrib\admin\migrations\0003_logentry_add_action_flag_choices.py first seen with mtime 1622048032.541102
File C:\test\Lib\site-packages\django\middleware\clickjacking.py first seen with mtime 1622048035.2240143
File C:\test\Lib\site-packages\django\contrib\auth\migrations\0001_initial.py first seen with mtime 1622048033.1578662
File C:\Python39\Lib\encodings\idna.py first seen with mtime 1620034494.0
File C:\test\Lib\site-packages\django\contrib\contenttypes\migrations\0001_initial.py first seen with mtime 1622048033.3662417
File C:\test\Lib\site-packages\django\contrib\auth\migrations\0011_update_proxy_permissions.py first seen with mtime 1622048033.166218
File C:\test\Lib\site-packages\django\contrib\auth\migrations\__init__.py first seen with mtime 1622048033.1672432
File C:\test\Lib\site-packages\django\contrib\contenttypes\migrations\__init__.py first seen with mtime 1622048033.3682368
File C:\test\Scripts\hello_django\hello_django\wsgi.py first seen with mtime 1622048181.5257542
File C:\test\Lib\site-packages\django\contrib\sessions\migrations\0001_initial.py first seen with mtime 1622048034.735336
File C:\test\Lib\site-packages\django\contrib\auth\migrations\0004_alter_user_username_opts.py first seen with mtime 1622048033.161232
File C:\test\Lib\site-packages\django\contrib\sessions\migrations\__init__.py first seen with mtime 1622048034.7363336
File C:\test\Lib\site-packages\django\db\migrations\executor.py first seen with mtime 1622048035.101165
File C:\test\Lib\site-packages\django\contrib\auth\migrations\0006_require_contenttypes_0002.py first seen with mtime 1622048033.1622627
File C:\test\Lib\site-packages\django\contrib\admin\migrations\0001_initial.py first seen with mtime 1622048032.5391178
File C:\test\Lib\site-packages\django\contrib\admin\migrations\__init__.py first seen with mtime 1622048032.5420992
File C:\test\Lib\site-packages\django\contrib\auth\migrations\0002_alter_permission_name_max_length.py first seen with mtime 1622048033.1588626
File C:\test\Lib\site-packages\django\views\csrf.py first seen with mtime 1622048035.3176315
File C:\test\Scripts\hello_django\myhello\migrations\__init__.py first seen with mtime 1622048440.409485
File C:\test\Lib\site-packages\django\db\migrations\loader.py first seen with mtime 1622048035.1031592
File C:\test\Lib\site-packages\django\core\cache\backends\locmem.py first seen with mtime 1622048034.973444
File C:\test\Lib\site-packages\django\contrib\auth\migrations\0012_alter_user_first_name_max_length.py first seen with mtime 1622048033.1672432
"GET /myhello HTTP/1.1" 301 0
"GET /myhello/ HTTP/1.1" 200 9
Exception while resolving variable 'name' in template 'unknown'.
Traceback (most recent call last):
  File "C:\test\lib\site-packages\django\core\handlers\exception.py", line 47, in inner
    response = get_response(request)
  File "C:\test\lib\site-packages\django\core\handlers\base.py", line 167, in _get_response
    callback, callback_args, callback_kwargs = self.resolve_request(request)
  File "C:\test\lib\site-packages\django\core\handlers\base.py", line 290, in resolve_request
    resolver_match = resolver.resolve(request.path_info)
  File "C:\test\lib\site-packages\django\urls\resolvers.py", line 585, in resolve
    raise Resolver404({'tried': tried, 'path': new_path})
django.urls.exceptions.Resolver404: {'tried': [[<URLResolver <URLPattern list> (admin:admin) 'admin/'>], [<URLResolver <module 'myhello.urls' from 'C:\\test\\Scripts\\hello_django\\myhello\\urls.py'> (None:None) 'myhello/'>]], 'path': 'favicon.ico'}

During handling of the above exception, another exception occurred:

Traceback (most recent call last):
  File "C:\test\lib\site-packages\django\template\base.py", line 829, in _resolve_lookup
    current = current[bit]
TypeError: 'URLResolver' object is not subscriptable

During handling of the above exception, another exception occurred:

Traceback (most recent call last):
  File "C:\test\lib\site-packages\django\template\base.py", line 837, in _resolve_lookup
    current = getattr(current, bit)
AttributeError: 'URLResolver' object has no attribute 'name'

During handling of the above exception, another exception occurred:

Traceback (most recent call last):
  File "C:\test\lib\site-packages\django\template\base.py", line 843, in _resolve_lookup
    current = current[int(bit)]
ValueError: invalid literal for int() with base 10: 'name'

During handling of the above exception, another exception occurred:

Traceback (most recent call last):
  File "C:\test\lib\site-packages\django\template\base.py", line 848, in _resolve_lookup
    raise VariableDoesNotExist("Failed lookup for key "
django.template.base.VariableDoesNotExist: Failed lookup for key [name] in <URLResolver <URLPattern list> (admin:admin) 'admin/'>
Exception while resolving variable 'name' in template 'unknown'.
Traceback (most recent call last):
  File "C:\test\lib\site-packages\django\core\handlers\exception.py", line 47, in inner
    response = get_response(request)
  File "C:\test\lib\site-packages\django\core\handlers\base.py", line 167, in _get_response
    callback, callback_args, callback_kwargs = self.resolve_request(request)
  File "C:\test\lib\site-packages\django\core\handlers\base.py", line 290, in resolve_request
    resolver_match = resolver.resolve(request.path_info)
  File "C:\test\lib\site-packages\django\urls\resolvers.py", line 585, in resolve
    raise Resolver404({'tried': tried, 'path': new_path})
django.urls.exceptions.Resolver404: {'tried': [[<URLResolver <URLPattern list> (admin:admin) 'admin/'>], [<URLResolver <module 'myhello.urls' from 'C:\\test\\Scripts\\hello_django\\myhello\\urls.py'> (None:None) 'myhello/'>]], 'path': 'favicon.ico'}

During handling of the above exception, another exception occurred:

Traceback (most recent call last):
  File "C:\test\lib\site-packages\django\template\base.py", line 829, in _resolve_lookup
    current = current[bit]
TypeError: 'URLResolver' object is not subscriptable

During handling of the above exception, another exception occurred:

Traceback (most recent call last):
  File "C:\test\lib\site-packages\django\template\base.py", line 837, in _resolve_lookup
    current = getattr(current, bit)
AttributeError: 'URLResolver' object has no attribute 'name'

During handling of the above exception, another exception occurred:

Traceback (most recent call last):
  File "C:\test\lib\site-packages\django\template\base.py", line 843, in _resolve_lookup
    current = current[int(bit)]
ValueError: invalid literal for int() with base 10: 'name'

During handling of the above exception, another exception occurred:

Traceback (most recent call last):
  File "C:\test\lib\site-packages\django\template\base.py", line 848, in _resolve_lookup
    raise VariableDoesNotExist("Failed lookup for key "
django.template.base.VariableDoesNotExist: Failed lookup for key [name] in <URLResolver <module 'myhello.urls' from 'C:\\test\\Scripts\\hello_django\\myhello\\urls.py'> (None:None) 'myhello/'>
Not Found: /favicon.ico
"GET /favicon.ico HTTP/1.1" 404 2224
File C:\test\Lib\site-packages\django\contrib\messages\storage\fallback.py first seen with mtime 1622048034.1025944
File C:\test\Lib\site-packages\django\contrib\messages\storage\cookie.py first seen with mtime 1622048034.1015973
File C:\test\Lib\site-packages\django\contrib\sessions\serializers.py first seen with mtime 1622048034.534604
File C:\test\Lib\site-packages\django\contrib\messages\utils.py first seen with mtime 1622048034.0976076
File C:\test\Lib\site-packages\django\contrib\messages\storage\session.py first seen with mtime 1622048034.1035917
File C:\test\Lib\site-packages\django\contrib\messages\storage\base.py first seen with mtime 1622048034.1005993
Watching for file changes with StatReloader
Waiting for apps ready_event.
Apps ready_event triggered. Sending autoreload_started signal.
Watching dir C:\python_project\Scripts\hello_django\locale with glob **/*.mo.
Watching dir C:\python_project\Scripts\hello_django\myhello\locale with glob **/*.mo.
(0.000) 
            SELECT name, type FROM sqlite_master
            WHERE type in ('table', 'view') AND NOT name='sqlite_sequence'
            ORDER BY name; args=None
File C:\Python39\Lib\html\parser.py first seen with mtime 1620034494.0
File C:\Python39\DLLs\_ctypes.pyd first seen with mtime 1620034544.0
File C:\Python39\Lib\site-packages\django\db\migrations\utils.py first seen with mtime 1622016496.856759
File C:\Python39\Lib\site-packages\django\forms\boundfield.py first seen with mtime 1622016496.9035232
File C:\Python39\Lib\site-packages\django\contrib\messages\constants.py first seen with mtime 1622016495.8913617
File C:\Python39\Lib\site-packages\django\db\migrations\exceptions.py first seen with mtime 1622016496.8457878
File C:\Python39\Lib\dis.py first seen with mtime 1620034494.0
File C:\Python39\Lib\unittest\result.py first seen with mtime 1620034496.0
File C:\Python39\Lib\site-packages\django\db\backends\base\schema.py first seen with mtime 1622016496.8098834
File C:\python_project\Scripts\hello_django\myhello\apps.py first seen with mtime 1622048440.3825564
File C:\Python39\Lib\site-packages\django\core\paginator.py first seen with mtime 1622016496.7137012
File C:\Python39\Lib\posixpath.py first seen with mtime 1620034494.0
File C:\Python39\Lib\_weakrefset.py first seen with mtime 1620034494.0
File C:\Python39\Lib\wsgiref\headers.py first seen with mtime 1620034496.0
File C:\Python39\Lib\site-packages\django\db\models\lookups.py first seen with mtime 1622016496.8716085
File C:\Python39\Lib\site-packages\django\contrib\staticfiles\checks.py first seen with mtime 1622016496.697744
File C:\Python39\Lib\opcode.py first seen with mtime 1620034494.0
File C:\Python39\Lib\site-packages\django\core\mail\message.py first seen with mtime 1622016496.7515993
File C:\Python39\Lib\unittest\loader.py first seen with mtime 1620034496.0
File C:\Python39\Lib\email\mime\text.py first seen with mtime 1620034494.0
File C:\Python39\Lib\_markupbase.py first seen with mtime 1620034494.0
File C:\Python39\Lib\importlib\abc.py first seen with mtime 1620034494.0
File C:\Python39\Lib\contextlib.py first seen with mtime 1620034494.0
File C:\Python39\Lib\site-packages\sqlparse\keywords.py first seen with mtime 1622016492.5913756
File C:\Python39\Lib\hmac.py first seen with mtime 1620034494.0
File C:\Python39\Lib\site-packages\django\utils\functional.py first seen with mtime 1622016497.0261958
File C:\Python39\Lib\site-packages\sqlparse\cli.py first seen with mtime 1622016492.5853927
File C:\Python39\Lib\site-packages\django\apps\__init__.py first seen with mtime 1622016493.575694
File C:\Python39\Lib\site-packages\django\db\models\signals.py first seen with mtime 1622016496.8755977
File C:\Python39\Lib\site-packages\django\contrib\auth\forms.py first seen with mtime 1622016494.7540998
File C:\Python39\Lib\site-packages\django\core\cache\backends\__init__.py first seen with mtime 1622016496.7196846
File C:\Python39\Lib\asyncio\base_subprocess.py first seen with mtime 1620034494.0
File C:\Python39\Lib\bisect.py first seen with mtime 1620034494.0
File C:\Python39\Lib\asyncio\selector_events.py first seen with mtime 1620034494.0
File C:\Python39\Lib\site-packages\django\core\files\uploadedfile.py first seen with mtime 1622016496.743621
File C:\Python39\Lib\site-packages\django\http\cookie.py first seen with mtime 1622016496.9573793
File C:\Python39\Lib\decimal.py first seen with mtime 1620034494.0
File C:\Python39\Lib\logging\handlers.py first seen with mtime 1620034494.0
File C:\Python39\Lib\site-packages\sqlparse\__init__.py first seen with mtime 1622016492.5824015
File C:\Python39\Lib\site-packages\django\core\checks\database.py first seen with mtime 1622016496.7286608
File C:\Python39\Lib\difflib.py first seen with mtime 1620034494.0
File C:\Python39\Lib\site-packages\django\contrib\auth\admin.py first seen with mtime 1622016494.7471178
File C:\Python39\Lib\site-packages\django\core\handlers\exception.py first seen with mtime 1622016496.748607
File C:\Python39\Lib\site-packages\django\utils\lorem_ipsum.py first seen with mtime 1622016497.0341742
File C:\Python39\Lib\site-packages\django\core\handlers\asgi.py first seen with mtime 1622016496.7466123
File C:\Python39\Lib\site-packages\sqlparse\filters\__init__.py first seen with mtime 1622016492.6013572
File C:\Python39\Lib\site-packages\django\contrib\auth\signals.py first seen with mtime 1622016494.759086
File C:\Python39\Lib\importlib\util.py first seen with mtime 1620034494.0
File C:\Python39\Lib\codecs.py first seen with mtime 1620034494.0
File C:\Python39\Lib\site-packages\django\db\models\constraints.py first seen with mtime 1622016496.8676178
File C:\Python39\Lib\site-packages\django\contrib\auth\management\__init__.py first seen with mtime 1622016494.9714458
File C:\Python39\Lib\platform.py first seen with mtime 1620034494.0
File C:\Python39\Lib\ctypes\_endian.py first seen with mtime 1620034494.0
File C:\Python39\Lib\asyncio\threads.py first seen with mtime 1620034494.0
File C:\Python39\Lib\site-packages\django\templatetags\i18n.py first seen with mtime 1622016496.9932835
File C:\Python39\Lib\site-packages\django\contrib\admin\sites.py first seen with mtime 1622016493.947687
File C:\Python39\Lib\site-packages\django\db\migrations\operations\base.py first seen with mtime 1622016496.8597515
File C:\Python39\Lib\site-packages\django\core\checks\caches.py first seen with mtime 1622016496.7276638
File C:\Python39\Lib\site-packages\pytz\tzfile.py first seen with mtime 1622016492.84522
File C:\Python39\Lib\site-packages\django\utils\baseconv.py first seen with mtime 1622016497.0142274
File C:\Python39\Lib\site-packages\django\db\models\query.py first seen with mtime 1622016496.874601
File C:\Python39\Lib\site-packages\django\db\models\functions\window.py first seen with mtime 1622016496.8915553
File C:\Python39\Lib\site-packages\django\db\backends\signals.py first seen with mtime 1622016496.800909
File C:\Python39\Lib\site-packages\sqlparse\formatter.py first seen with mtime 1622016492.5903783
File C:\Python39\Lib\_compression.py first seen with mtime 1620034494.0
File C:\Python39\Lib\http\__init__.py first seen with mtime 1620034494.0
File C:\Python39\Lib\collections\abc.py first seen with mtime 1620034494.0
File C:\Python39\Lib\site-packages\django\db\backends\base\__init__.py first seen with mtime 1622016496.8029037
File C:\Python39\Lib\site-packages\django\conf\global_settings.py first seen with mtime 1622016493.5816655
File C:\Python39\Lib\site-packages\django\core\files\images.py first seen with mtime 1622016496.739632
File C:\Python39\Lib\site-packages\django\template\engine.py first seen with mtime 1622016496.9743347
File C:\Python39\Lib\site-packages\django\views\decorators\cache.py first seen with mtime 1622016497.0565891
File C:\Python39\Lib\site-packages\django\contrib\sites\__init__.py first seen with mtime 1622016496.49569
File C:\Python39\Lib\site-packages\django\urls\exceptions.py first seen with mtime 1622016497.007246
File C:\Python39\Lib\site-packages\django\utils\timezone.py first seen with mtime 1622016497.0401578
File C:\Python39\Lib\email\_header_value_parser.py first seen with mtime 1620034494.0
File C:\Python39\Lib\encodings\aliases.py first seen with mtime 1620034494.0
File C:\Python39\Lib\site-packages\django\forms\__init__.py first seen with mtime 1622016496.902526
File C:\Python39\Lib\site-packages\django\contrib\staticfiles\__init__.py first seen with mtime 1622016496.6967463
File C:\Python39\Lib\site-packages\django\core\checks\security\csrf.py first seen with mtime 1622016496.7366397
File C:\Python39\Lib\site-packages\django\utils\autoreload.py first seen with mtime 1622016497.0132298
File C:\python_project\Scripts\hello_django\myhello\admin.py first seen with mtime 1622048440.3745787
File C:\Python39\Lib\fractions.py first seen with mtime 1620034494.0
File C:\Python39\Lib\site-packages\django\contrib\auth\models.py first seen with mtime 1622016494.7580886
File C:\Python39\Lib\site-packages\django\utils\regex_helper.py first seen with mtime 1622016497.0361693
File C:\Python39\Lib\site-packages\django\contrib\admin\models.py first seen with mtime 1622016493.945693
File C:\Python39\Lib\asyncio\sslproto.py first seen with mtime 1620034494.0
File C:\Python39\Lib\site-packages\django\template\autoreload.py first seen with mtime 1622016496.9693472
File C:\Python39\Lib\typing.py first seen with mtime 1620034496.0
File C:\Python39\Lib\site-packages\django\template\backends\django.py first seen with mtime 1622016496.98331
File C:\Python39\Lib\keyword.py first seen with mtime 1620034494.0
File C:\Python39\Lib\site-packages\django\views\generic\__init__.py first seen with mtime 1622016497.0635695
File C:\Python39\Lib\site-packages\django\core\cache\backends\locmem.py first seen with mtime 1622016496.7246723
File C:\Python39\Lib\encodings\__init__.py first seen with mtime 1620034494.0
File C:\Python39\Lib\email\mime\multipart.py first seen with mtime 1620034494.0
File C:\Python39\Lib\site-packages\django\contrib\auth\backends.py first seen with mtime 1622016494.7491121
File C:\Python39\Lib\site-packages\django\contrib\auth\tokens.py first seen with mtime 1622016494.760083
File C:\Python39\Lib\urllib\__init__.py first seen with mtime 1620034496.0
File C:\Python39\Lib\http\cookies.py first seen with mtime 1620034494.0
File C:\Python39\Lib\asyncio\proactor_events.py first seen with mtime 1620034494.0
File C:\Python39\Lib\site-packages\django\templatetags\static.py first seen with mtime 1622016496.9952781
File C:\Python39\Lib\site-packages\django\views\generic\detail.py first seen with mtime 1622016497.0665617
File C:\Python39\Lib\site-packages\django\contrib\staticfiles\management\commands\__init__.py first seen with mtime 1622016496.7057216
File C:\Python39\Lib\site-packages\django\utils\module_loading.py first seen with mtime 1622016497.0351713
File C:\Python39\Lib\site-packages\django\forms\widgets.py first seen with mtime 1622016496.9095075
File C:\Python39\Lib\site-packages\django\urls\resolvers.py first seen with mtime 1622016497.008243
File C:\Python39\Lib\site-packages\django\db\backends\base\validation.py first seen with mtime 1622016496.8098834
File C:\Python39\Lib\site-packages\django\core\files\storage.py first seen with mtime 1622016496.7416255
File C:\Python39\Lib\weakref.py first seen with mtime 1620034496.0
File C:\Python39\Lib\site-packages\django\core\management\base.py first seen with mtime 1622016496.7606058
File C:\Python39\Lib\site-packages\django\template\loaders\app_directories.py first seen with mtime 1622016496.9872997
File C:\Python39\Lib\site-packages\django\utils\termcolors.py first seen with mtime 1622016497.0381632
File C:\Python39\Lib\json\__init__.py first seen with mtime 1620034494.0
File C:\Python39\Lib\unittest\util.py first seen with mtime 1620034496.0
File C:\Python39\Lib\sre_compile.py first seen with mtime 1620034494.0
File C:\Python39\Lib\urllib\error.py first seen with mtime 1620034496.0
File C:\Python39\Lib\site-packages\django\db\models\functions\text.py first seen with mtime 1622016496.8905587
File C:\Python39\Lib\site-packages\django\views\__init__.py first seen with mtime 1622016497.0496075
File C:\Python39\Lib\site-packages\django\utils\safestring.py first seen with mtime 1622016497.037166
File C:\Python39\Lib\ipaddress.py first seen with mtime 1620034494.0
File C:\Python39\Lib\site-packages\sqlparse\utils.py first seen with mtime 1622016492.5953717
File C:\Python39\Lib\stat.py first seen with mtime 1620034494.0
File C:\Python39\Lib\asyncio\base_events.py first seen with mtime 1620034494.0
File C:\Python39\Lib\site-packages\django\utils\text.py first seen with mtime 1622016497.0381632
File C:\Python39\Lib\enum.py first seen with mtime 1620034494.0
File C:\Python39\Lib\site-packages\django\views\decorators\debug.py first seen with mtime 1622016497.060577
File C:\Python39\Lib\site-packages\sqlparse\exceptions.py first seen with mtime 1622016492.5883842
File C:\Python39\DLLs\_sqlite3.pyd first seen with mtime 1620034544.0
File C:\Python39\Lib\site-packages\django\contrib\sessions\__init__.py first seen with mtime 1622016496.278397
File C:\Python39\Lib\site-packages\django\contrib\staticfiles\finders.py first seen with mtime 1622016496.6987412
File C:\Python39\Lib\site-packages\django\core\checks\messages.py first seen with mtime 1622016496.7286608
File C:\Python39\Lib\site-packages\django\conf\__init__.py first seen with mtime 1622016493.5806682
File C:\Python39\Lib\site-packages\django\utils\html.py first seen with mtime 1622016497.0281904
File C:\Python39\Lib\asyncio\log.py first seen with mtime 1620034494.0
File C:\Python39\Lib\site-packages\django\utils\timesince.py first seen with mtime 1622016497.0391607
File C:\Python39\Lib\site-packages\django\core\serializers\base.py first seen with mtime 1622016496.7889397
File C:\Python39\Lib\site-packages\django\db\backends\ddl_references.py first seen with mtime 1622016496.800909
File C:\Python39\Lib\site-packages\pytz\tzinfo.py first seen with mtime 1622016492.8462174
File C:\Python39\Lib\site-packages\django\db\models\enums.py first seen with mtime 1622016496.8686163
File C:\Python39\Lib\site-packages\django\db\migrations\state.py first seen with mtime 1622016496.855762
File C:\Python39\Lib\site-packages\django\core\serializers\python.py first seen with mtime 1622016496.7919319
File C:\Python39\Lib\gzip.py first seen with mtime 1620034494.0
File C:\Python39\Lib\site-packages\django\contrib\admin\apps.py first seen with mtime 1622016493.9387164
File C:\Python39\Lib\site-packages\django\http\request.py first seen with mtime 1622016496.9593742
File C:\Python39\Lib\site-packages\django\template\response.py first seen with mtime 1622016496.9793215
File C:\Python39\Lib\site-packages\django\utils\connection.py first seen with mtime 1622016497.0152304
File C:\Python39\Lib\site-packages\django\db\models\sql\constants.py first seen with mtime 1622016496.8945477
File C:\Python39\DLLs\select.pyd first seen with mtime 1620034546.0
File C:\Python39\Lib\site-packages\django\utils\dates.py first seen with mtime 1622016497.0192142
File C:\Python39\Lib\email\utils.py first seen with mtime 1620034494.0
File C:\Python39\Lib\site-packages\sqlparse\filters\output.py first seen with mtime 1622016492.6043422
File C:\Python39\Lib\site-packages\django\templatetags\tz.py first seen with mtime 1622016496.9962754
File C:\Python39\Lib\wsgiref\__init__.py first seen with mtime 1620034496.0
File C:\Python39\Lib\sqlite3\__init__.py first seen with mtime 1620034494.0
File C:\Python39\Lib\json\encoder.py first seen with mtime 1620034494.0
File C:\Python39\Lib\site-packages\asgiref\sync.py first seen with mtime 1622016493.465137
File C:\Python39\Lib\site-packages\pytz\lazy.py first seen with mtime 1622016492.8432243
File C:\Python39\Lib\subprocess.py first seen with mtime 1620034494.0
File C:\Python39\Lib\site-packages\sqlparse\engine\grouping.py first seen with mtime 1622016492.599357
File C:\Python39\Lib\site-packages\sqlparse\filters\others.py first seen with mtime 1622016492.603345
File C:\Python39\Lib\site-packages\django\contrib\auth\password_validation.py first seen with mtime 1622016494.7580886
File C:\Python39\Lib\importlib\machinery.py first seen with mtime 1620034494.0
File C:\Python39\Lib\site-packages\django\core\validators.py first seen with mtime 1622016496.7166924
File C:\Python39\Lib\site-packages\django\db\backends\__init__.py first seen with mtime 1622016496.7999117
File C:\Python39\Lib\ntpath.py first seen with mtime 1620034494.0
File C:\Python39\Lib\ast.py first seen with mtime 1620034494.0
File C:\Python39\Lib\tokenize.py first seen with mtime 1620034496.0
File C:\Python39\Lib\string.py first seen with mtime 1620034494.0
File C:\Python39\Lib\site-packages\django\forms\utils.py first seen with mtime 1622016496.9085166
File C:\Python39\Lib\site-packages\django\contrib\admin\options.py first seen with mtime 1622016493.9466896
File C:\Python39\Lib\site-packages\django\contrib\staticfiles\utils.py first seen with mtime 1622016496.70273
File C:\Python39\Lib\getpass.py first seen with mtime 1620034494.0
File C:\Python39\Lib\site-packages\django\core\signals.py first seen with mtime 1622016496.7146983
File C:\python_project\Scripts\hello_django\myhello\urls.py first seen with mtime 1622048933.4649768
File C:\Python39\Lib\site-packages\asgiref\current_thread_executor.py first seen with mtime 1622016493.4611483
File C:\Python39\Lib\email\_parseaddr.py first seen with mtime 1620034494.0
File C:\Python39\Lib\site-packages\django\utils\cache.py first seen with mtime 1622016497.0142274
File C:\Python39\Lib\site-packages\django\template\backends\base.py first seen with mtime 1622016496.9823127
File C:\Python39\Lib\site-packages\django\core\management\commands\__init__.py first seen with mtime 1622016496.7655625
File C:\Python39\Lib\site-packages\django\contrib\admin\views\__init__.py first seen with mtime 1622016494.5413556
File C:\Python39\Lib\site-packages\django\db\models\fields\mixins.py first seen with mtime 1622016496.8795874
File C:\Python39\DLLs\_overlapped.pyd first seen with mtime 1620034544.0
File C:\Python39\Lib\threading.py first seen with mtime 1620034496.0
File C:\Python39\Lib\site-packages\django\forms\renderers.py first seen with mtime 1622016496.9085166
File C:\Python39\Lib\site-packages\django\urls\base.py first seen with mtime 1622016497.0042546
File C:\Python39\Lib\unittest\runner.py first seen with mtime 1620034496.0
File C:\Python39\Lib\site-packages\django\db\models\fields\files.py first seen with mtime 1622016496.8785899
File C:\Python39\Lib\site-packages\django\contrib\admin\helpers.py first seen with mtime 1622016493.9446952
File C:\Python39\Lib\site-packages\django\utils\translation\trans_real.py first seen with mtime 1622016497.0486073
File C:\Python39\Lib\site-packages\django\core\signing.py first seen with mtime 1622016496.7156951
File C:\Python39\DLLs\_bz2.pyd first seen with mtime 1620034544.0
File C:\Python39\Lib\site-packages\django\core\serializers\json.py first seen with mtime 1622016496.789937
File C:\Python39\Lib\site-packages\django\db\backends\sqlite3\creation.py first seen with mtime 1622016496.838806
File C:\Python39\Lib\site-packages\django\core\files\base.py first seen with mtime 1622016496.7386348
File C:\python_project\Scripts\hello_django\myhello\__init__.py first seen with mtime 1622048440.4074872
File C:\Python39\Lib\site-packages\django\utils\itercompat.py first seen with mtime 1622016497.031182
File C:\Python39\Lib\email\mime\nonmultipart.py first seen with mtime 1620034494.0
File C:\Python39\Lib\site-packages\django\db\models\fields\reverse_related.py first seen with mtime 1622016496.8855715
File C:\Python39\Lib\site-packages\django\core\wsgi.py first seen with mtime 1622016496.7176898
File C:\Python39\Lib\site-packages\django\utils\ipv6.py first seen with mtime 1622016497.031182
File C:\Python39\Lib\site-packages\django\db\models\sql\where.py first seen with mtime 1622016496.8995416
File C:\Python39\Lib\site-packages\django\contrib\admin\templatetags\admin_list.py first seen with mtime 1622016494.5373664
File C:\Python39\Lib\site-packages\django\core\management\color.py first seen with mtime 1622016496.7616012
File C:\Python39\Lib\site-packages\django\middleware\__init__.py first seen with mtime 1622016496.9603727
File C:\Python39\Lib\site-packages\django\utils\translation\reloader.py first seen with mtime 1622016497.0459082
File C:\Python39\Lib\site-packages\django\core\mail\__init__.py first seen with mtime 1622016496.7506018
File C:\Python39\Lib\site-packages\django\contrib\auth\validators.py first seen with mtime 1622016494.7610807
File C:\Python39\Lib\urllib\response.py first seen with mtime 1620034496.0
File C:\Python39\Lib\unittest\main.py first seen with mtime 1620034496.0
File C:\Python39\Lib\datetime.py first seen with mtime 1620034494.0
File C:\Python39\Lib\site-packages\django\conf\locale\__init__.py first seen with mtime 1622016493.5886464
File C:\Python39\Lib\site-packages\django\contrib\contenttypes\management\__init__.py first seen with mtime 1622016495.180395
File C:\Python39\Lib\site-packages\django\views\generic\dates.py first seen with mtime 1622016497.0655649
File C:\Python39\Lib\quopri.py first seen with mtime 1620034494.0
File C:\Python39\Lib\site-packages\django\templatetags\cache.py first seen with mtime 1622016496.992286
File C:\Python39\Lib\asyncio\streams.py first seen with mtime 1620034494.0
File C:\Python39\Lib\site-packages\django\core\checks\async_checks.py first seen with mtime 1622016496.7266667
File C:\Python39\Lib\site-packages\django\contrib\messages\api.py first seen with mtime 1622016495.889367
File C:\Python39\Lib\concurrent\__init__.py first seen with mtime 1620034494.0
File C:\Python39\Lib\site-packages\django\db\models\indexes.py first seen with mtime 1622016496.8706114
File C:\Python39\Lib\site-packages\django\db\migrations\operations\__init__.py first seen with mtime 1622016496.8587542
File C:\Python39\Lib\uuid.py first seen with mtime 1620034496.0
File C:\Python39\Lib\site-packages\django\contrib\admin\filters.py first seen with mtime 1622016493.942701
File C:\Python39\Lib\asyncio\base_tasks.py first seen with mtime 1620034494.0
File C:\Python39\DLLs\_socket.pyd first seen with mtime 1620034544.0
File C:\Python39\Lib\site-packages\django\db\models\expressions.py first seen with mtime 1622016496.869614
File C:\Python39\Lib\site-packages\django\db\models\utils.py first seen with mtime 1622016496.8765953
File C:\Python39\Lib\site-packages\django\core\cache\__init__.py first seen with mtime 1622016496.718687
File C:\Python39\Lib\site-packages\django\http\multipartparser.py first seen with mtime 1622016496.9583766
File C:\Python39\Lib\importlib\__init__.py first seen with mtime 1620034494.0
File C:\Python39\DLLs\_asyncio.pyd first seen with mtime 1620034544.0
File C:\Python39\Lib\site-packages\django\contrib\contenttypes\fields.py first seen with mtime 1622016494.9934163
File C:\Python39\Lib\numbers.py first seen with mtime 1620034494.0
File C:\Python39\Lib\site-packages\django\db\models\sql\query.py first seen with mtime 1622016496.8975494
File C:\Python39\Lib\email\__init__.py first seen with mtime 1620034494.0
File C:\Python39\Lib\site-packages\django\core\checks\security\sessions.py first seen with mtime 1622016496.7366397
File C:\Python39\Lib\site-packages\sqlparse\engine\filter_stack.py first seen with mtime 1622016492.5983875
File C:\Python39\Lib\site-packages\django\template\base.py first seen with mtime 1622016496.9703448
File C:\Python39\Lib\site-packages\django\middleware\security.py first seen with mtime 1622016496.9673529
File C:\Python39\Lib\site-packages\django\utils\deprecation.py first seen with mtime 1622016497.0222065
File C:\Python39\Lib\site-packages\django\utils\http.py first seen with mtime 1622016497.0291877
File C:\Python39\Lib\calendar.py first seen with mtime 1620034494.0
File C:\Python39\Lib\asyncio\tasks.py first seen with mtime 1620034494.0
File C:\Python39\Lib\site-packages\django\db\models\fields\related_descriptors.py first seen with mtime 1622016496.882579
File C:\Python39\Lib\site-packages\django\core\checks\security\base.py first seen with mtime 1622016496.7356424
File C:\Python39\Lib\site-packages\django\contrib\staticfiles\management\__init__.py first seen with mtime 1622016496.7047246
File C:\Python39\Lib\base64.py first seen with mtime 1620034494.0
File C:\Python39\Lib\logging\config.py first seen with mtime 1620034494.0
File C:\Python39\Lib\site-packages\django\db\models\functions\mixins.py first seen with mtime 1622016496.8895614
File C:\Python39\Lib\email\header.py first seen with mtime 1620034494.0
File C:\Python39\Lib\email\_encoded_words.py first seen with mtime 1620034494.0
File C:\Python39\Lib\argparse.py first seen with mtime 1620034494.0
File C:\Python39\Lib\asyncio\__init__.py first seen with mtime 1620034494.0
File C:\Python39\Lib\ctypes\__init__.py first seen with mtime 1620034494.0
File C:\Python39\Lib\site-packages\django\db\transaction.py first seen with mtime 1622016496.7979167
File C:\Python39\Lib\site-packages\django\contrib\auth\checks.py first seen with mtime 1622016494.7511065
File C:\Python39\Lib\site-packages\django\views\defaults.py first seen with mtime 1622016497.052599
File C:\python_project\Scripts\hello_django\hello_django\settings.py first seen with mtime 1622048723.0085003
File C:\Python39\Lib\re.py first seen with mtime 1620034494.0
File C:\Python39\Lib\statistics.py first seen with mtime 1620034494.0
File C:\Python39\Lib\site-packages\django\db\backends\utils.py first seen with mtime 1622016496.8019066
File C:\Python39\Lib\site-packages\django\contrib\admin\checks.py first seen with mtime 1622016493.9397109
File C:\Python39\Lib\site-packages\django\template\loader_tags.py first seen with mtime 1622016496.9783273
File C:\Python39\Lib\site-packages\django\urls\converters.py first seen with mtime 1622016497.0062487
File C:\Python39\Lib\site-packages\django\contrib\auth\base_user.py first seen with mtime 1622016494.7501225
File C:\Python39\Lib\site-packages\django\views\decorators\common.py first seen with mtime 1622016497.0585852
File C:\Python39\Lib\gettext.py first seen with mtime 1620034494.0
File C:\Python39\Lib\site-packages\django\contrib\admin\decorators.py first seen with mtime 1622016493.9407082
File C:\Python39\Lib\email\mime\message.py first seen with mtime 1620034494.0
File C:\Python39\Lib\site-packages\django\template\defaultfilters.py first seen with mtime 1622016496.9723396
File C:\Python39\Lib\site.py first seen with mtime 1620034494.0
File C:\Python39\Lib\site-packages\django\utils\deconstruct.py first seen with mtime 1622016497.0202112
File C:\Python39\Lib\site-packages\django\db\backends\base\features.py first seen with mtime 1622016496.8069026
File C:\Python39\Lib\encodings\latin_1.py first seen with mtime 1620034494.0
File C:\Python39\Lib\collections\__init__.py first seen with mtime 1620034494.0
File C:\Python39\Lib\asyncio\trsock.py first seen with mtime 1620034494.0
File C:\Python39\Lib\site-packages\django\core\management\__init__.py first seen with mtime 1622016496.7595792
File C:\Python39\Lib\site-packages\django\db\backends\sqlite3\introspection.py first seen with mtime 1622016496.8408012
File C:\Python39\Lib\site-packages\django\core\__init__.py first seen with mtime 1622016496.7117064
File C:\Python39\Lib\html\entities.py first seen with mtime 1620034494.0
File C:\Python39\Lib\site-packages\django\db\models\query_utils.py first seen with mtime 1622016496.874601
File C:\Python39\Lib\site-packages\django\core\handlers\base.py first seen with mtime 1622016496.74761
File C:\Python39\Lib\asyncio\coroutines.py first seen with mtime 1620034494.0
File C:\Python39\Lib\site-packages\django\utils\log.py first seen with mtime 1622016497.0331767
File C:\Python39\Lib\email\contentmanager.py first seen with mtime 1620034494.0
File C:\Python39\Lib\site-packages\django\http\__init__.py first seen with mtime 1622016496.9563823
File C:\Python39\Lib\site-packages\django\utils\duration.py first seen with mtime 1622016497.0232036
File C:\Python39\Lib\site-packages\django\core\checks\translation.py first seen with mtime 1622016496.7326503
File C:\Python39\Lib\site-packages\django\templatetags\l10n.py first seen with mtime 1622016496.9942808
File C:\Python39\Lib\email\mime\base.py first seen with mtime 1620034494.0
File C:\Python39\Lib\site-packages\django\core\cache\backends\filebased.py first seen with mtime 1622016496.7226763
File C:\Python39\Lib\site-packages\django\views\decorators\__init__.py first seen with mtime 1622016497.055592
File C:\Python39\Lib\os.py first seen with mtime 1620034494.0
File C:\Python39\Lib\site-packages\django\contrib\admin\templatetags\base.py first seen with mtime 1622016494.539361
File C:\Python39\Lib\site-packages\django\db\models\fields\related_lookups.py first seen with mtime 1622016496.8835769
File C:\Python39\Lib\site-packages\django\db\backends\base\creation.py first seen with mtime 1622016496.8058956
File C:\Python39\Lib\site-packages\django\core\mail\utils.py first seen with mtime 1622016496.7525964
File C:\Python39\Lib\site-packages\django\core\servers\basehttp.py first seen with mtime 1622016496.7959223
File C:\Python39\Lib\site-packages\django\utils\datetime_safe.py first seen with mtime 1622016497.0192142
File C:\Python39\Lib\sre_parse.py first seen with mtime 1620034494.0
File C:\Python39\Lib\site-packages\django\core\servers\__init__.py first seen with mtime 1622016496.7949252
File C:\Python39\Lib\site-packages\sqlparse\lexer.py first seen with mtime 1622016492.592373
File C:\Python39\Lib\site-packages\django\core\serializers\__init__.py first seen with mtime 1622016496.7879424
File C:\Python39\Lib\warnings.py first seen with mtime 1620034496.0
File C:\Python39\Lib\site-packages\django\utils\datastructures.py first seen with mtime 1622016497.0172193
File C:\Python39\Lib\site-packages\django\db\models\__init__.py first seen with mtime 1622016496.8637397
File C:\Python39\Lib\http\client.py first seen with mtime 1620034494.0
File C:\Python39\Lib\types.py first seen with mtime 1620034496.0
File C:\Python39\Lib\glob.py first seen with mtime 1620034494.0
File C:\Python39\Lib\site-packages\django\db\migrations\operations\special.py first seen with mtime 1622016496.861746
File C:\Python39\Lib\site-packages\django\utils\tree.py first seen with mtime 1622016497.042153
File C:\Python39\Lib\asyncio\windows_utils.py first seen with mtime 1620034494.0
File C:\Python39\Lib\site-packages\django\db\backends\base\client.py first seen with mtime 1622016496.8048985
File C:\Python39\Lib\site-packages\django\db\migrations\operations\utils.py first seen with mtime 1622016496.8627434
File C:\Python39\Lib\site-packages\django\forms\fields.py first seen with mtime 1622016496.9045208
File C:\Python39\Lib\asyncio\transports.py first seen with mtime 1620034494.0
File C:\Python39\Lib\site-packages\django\utils\translation\__init__.py first seen with mtime 1622016497.044911
File C:\Python39\Lib\site-packages\django\contrib\staticfiles\handlers.py first seen with mtime 1622016496.6997383
File C:\Python39\Lib\secrets.py first seen with mtime 1620034494.0
File C:\Python39\Lib\random.py first seen with mtime 1620034494.0
File C:\Python39\Lib\site-packages\django\contrib\admin\views\autocomplete.py first seen with mtime 1622016494.5413556
File C:\Python39\Lib\site-packages\django\contrib\auth\__init__.py first seen with mtime 1622016494.7461212
File C:\Python39\Lib\json\decoder.py first seen with mtime 1620034494.0
File C:\Python39\Lib\site-packages\django\core\checks\model_checks.py first seen with mtime 1622016496.7296584
File C:\Python39\Lib\site-packages\django\core\cache\utils.py first seen with mtime 1622016496.718687
File C:\Python39\Lib\site-packages\django\contrib\admin\__init__.py first seen with mtime 1622016493.937721
File C:\Python39\Lib\email\_policybase.py first seen with mtime 1620034494.0
File C:\Python39\Lib\urllib\parse.py first seen with mtime 1620034496.0
File C:\Python39\Lib\site-packages\django\core\files\move.py first seen with mtime 1622016496.7406292
File C:\Python39\Lib\site-packages\django\template\smartif.py first seen with mtime 1622016496.9803183
File C:\Python39\Lib\site-packages\django\views\static.py first seen with mtime 1622016497.0545945
File C:\Python39\Lib\site-packages\django\utils\hashable.py first seen with mtime 1622016497.0271928
File C:\Python39\Lib\_compat_pickle.py first seen with mtime 1620034494.0
File C:\Python39\Lib\site-packages\django\template\loaders\base.py first seen with mtime 1622016496.988297
File C:\Python39\Lib\asyncio\locks.py first seen with mtime 1620034494.0
File C:\Python39\Lib\asyncio\subprocess.py first seen with mtime 1620034494.0
File C:\python_project\Scripts\hello_django\hello_django\urls.py first seen with mtime 1622048876.0950441
File C:\Python39\Lib\site-packages\django\utils\_os.py first seen with mtime 1622016497.0102382
File C:\Python39\Lib\site-packages\django\core\checks\templates.py first seen with mtime 1622016496.7316527
File C:\Python39\Lib\site-packages\django\db\backends\sqlite3\base.py first seen with mtime 1622016496.8378086
File C:\Python39\Lib\functools.py first seen with mtime 1620034494.0
File C:\Python39\Lib\logging\__init__.py first seen with mtime 1620034494.0
File C:\Python39\Lib\site-packages\sqlparse\filters\reindent.py first seen with mtime 1622016492.6053395
File C:\Python39\Lib\site-packages\django\db\backends\sqlite3\features.py first seen with mtime 1622016496.8398035
File C:\Python39\Lib\site-packages\django\urls\conf.py first seen with mtime 1622016497.0052564
File C:\Python39\Lib\site-packages\django\core\files\temp.py first seen with mtime 1622016496.7426236
File C:\Python39\Lib\pkgutil.py first seen with mtime 1620034494.0
File C:\Python39\Lib\wsgiref\util.py first seen with mtime 1620034496.0
File C:\Python39\Lib\site-packages\django\utils\dateformat.py first seen with mtime 1622016497.0172193
File C:\Python39\Lib\site-packages\django\contrib\messages\__init__.py first seen with mtime 1622016495.8883698
File C:\Python39\Lib\concurrent\futures\_base.py first seen with mtime 1620034494.0
File C:\Python39\DLLs\_queue.pyd first seen with mtime 1620034544.0
File C:\Python39\Lib\asyncio\exceptions.py first seen with mtime 1620034494.0
File C:\Python39\Lib\site-packages\django\contrib\staticfiles\views.py first seen with mtime 1622016496.703727
File C:\Python39\Lib\_bootlocale.py first seen with mtime 1620034494.0
File C:\Python39\Lib\json\scanner.py first seen with mtime 1620034494.0
File C:\Python39\Lib\site-packages\sqlparse\tokens.py first seen with mtime 1622016492.594368
File C:\Python39\Lib\email\iterators.py first seen with mtime 1620034494.0
File C:\Python39\Lib\email\quoprimime.py first seen with mtime 1620034494.0
File C:\Python39\Lib\site-packages\django\contrib\admin\templatetags\log.py first seen with mtime 1622016494.5403583
File C:\Python39\Lib\site-packages\django\contrib\admin\widgets.py first seen with mtime 1622016493.9506786
File C:\Python39\Lib\site-packages\sqlparse\filters\tokens.py first seen with mtime 1622016492.6073344
File C:\Python39\Lib\shutil.py first seen with mtime 1620034494.0
File C:\Python39\Lib\site-packages\django\utils\formats.py first seen with mtime 1622016497.0251985
File C:\Python39\Lib\site-packages\django\contrib\contenttypes\apps.py first seen with mtime 1622016494.9914212
File C:\Python39\Lib\email\parser.py first seen with mtime 1620034494.0
File C:\Python39\Lib\site-packages\django\core\files\__init__.py first seen with mtime 1622016496.7376366
File C:\Python39\Lib\site-packages\django\dispatch\__init__.py first seen with mtime 1622016496.9005313
File C:\Python39\Lib\ssl.py first seen with mtime 1620034494.0
File C:\Python39\Lib\nturl2path.py first seen with mtime 1620034494.0
File C:\Python39\DLLs\unicodedata.pyd first seen with mtime 1620034546.0
File C:\Python39\Lib\asyncio\staggered.py first seen with mtime 1620034494.0
File C:\Python39\Lib\site-packages\django\__init__.py first seen with mtime 1622016493.5726893
File C:\Python39\Lib\unittest\case.py first seen with mtime 1620034496.0
File C:\Python39\Lib\site-packages\django\contrib\auth\hashers.py first seen with mtime 1622016494.7550962
File C:\Python39\Lib\unittest\signals.py first seen with mtime 1620034496.0
File C:\Python39\Lib\site-packages\django\contrib\sessions\base_session.py first seen with mtime 1622016496.2803922
File C:\Python39\Lib\distutils\__init__.py first seen with mtime 1620034494.0
File C:\Python39\Lib\site-packages\django\core\exceptions.py first seen with mtime 1622016496.7127037
File C:\Python39\Lib\site-packages\django\db\backends\sqlite3\client.py first seen with mtime 1622016496.8378086
File C:\Python39\Lib\struct.py first seen with mtime 1620034494.0
File C:\Python39\Lib\encodings\cp950.py first seen with mtime 1620034494.0
File C:\Python39\Lib\pathlib.py first seen with mtime 1620034494.0
File C:\Python39\Lib\site-packages\django\contrib\staticfiles\management\commands\runserver.py first seen with mtime 1622016496.7077167
File C:\Python39\Lib\site-packages\django\forms\models.py first seen with mtime 1622016496.9075131
File C:\Python39\Lib\sqlite3\dbapi2.py first seen with mtime 1620034494.0
File C:\Python39\Lib\_sitebuiltins.py first seen with mtime 1620034494.0
File C:\Python39\Lib\site-packages\django\utils\inspect.py first seen with mtime 1622016497.030185
File C:\Python39\Lib\site-packages\django\db\models\fields\json.py first seen with mtime 1622016496.8795874
File C:\Python39\Lib\pprint.py first seen with mtime 1620034494.0
File C:\Python39\Lib\site-packages\django\db\backends\base\introspection.py first seen with mtime 1622016496.8078892
File C:\Python39\Lib\site-packages\sqlparse\sql.py first seen with mtime 1622016492.593371
File C:\Python39\Lib\concurrent\futures\__init__.py first seen with mtime 1620034494.0
File C:\Python39\Lib\locale.py first seen with mtime 1620034494.0
File C:\Python39\Lib\uu.py first seen with mtime 1620034496.0
File C:\python_project\Scripts\hello_django\manage.py first seen with mtime 1622048181.4828668
File C:\Python39\Lib\site-packages\pytz\__init__.py first seen with mtime 1622016492.841244
File C:\Python39\Lib\asyncio\format_helpers.py first seen with mtime 1620034494.0
File C:\Python39\Lib\site-packages\django\db\models\functions\__init__.py first seen with mtime 1622016496.8865695
File C:\Python39\Lib\site-packages\django\db\models\sql\datastructures.py first seen with mtime 1622016496.8955448
File C:\Python39\Lib\lzma.py first seen with mtime 1620034494.0
File C:\Python39\Lib\email\headerregistry.py first seen with mtime 1620034494.0
File C:\Python39\Lib\io.py first seen with mtime 1620034494.0
File C:\Python39\Lib\site-packages\django\http\response.py first seen with mtime 1622016496.9593742
File C:\Python39\Lib\linecache.py first seen with mtime 1620034494.0
File C:\Python39\Lib\site-packages\django\db\migrations\migration.py first seen with mtime 1622016496.8497794
File C:\Python39\Lib\email\encoders.py first seen with mtime 1620034494.0
File C:\Python39\Lib\wsgiref\handlers.py first seen with mtime 1620034496.0
File C:\Python39\Lib\site-packages\django\utils\__init__.py first seen with mtime 1622016497.009241
File C:\Python39\Lib\site-packages\django\contrib\sites\shortcuts.py first seen with mtime 1622016496.5026715
File C:\Python39\Lib\site-packages\django\template\__init__.py first seen with mtime 1622016496.9683502
File C:\Python39\Lib\site-packages\django\utils\numberformat.py first seen with mtime 1622016497.0351713
File C:\Python39\Lib\signal.py first seen with mtime 1620034494.0
File C:\Python39\Lib\site-packages\django\core\cache\backends\base.py first seen with mtime 1622016496.7206817
File C:\Python39\Lib\asyncio\runners.py first seen with mtime 1620034494.0
File C:\Python39\Lib\site-packages\django\forms\formsets.py first seen with mtime 1622016496.9065151
File C:\Python39\Lib\site-packages\django\core\checks\security\__init__.py first seen with mtime 1622016496.7346454
File C:\Python39\Lib\site-packages\django\db\models\functions\comparison.py first seen with mtime 1622016496.887567
File C:\Python39\Lib\site-packages\django\db\models\fields\related.py first seen with mtime 1622016496.8815818
File C:\Python39\Lib\http\server.py first seen with mtime 1620034494.0
File C:\Python39\Lib\email\message.py first seen with mtime 1620034494.0
File C:\Python39\Lib\site-packages\django\middleware\csrf.py first seen with mtime 1622016496.9643617
File C:\Python39\Lib\sre_constants.py first seen with mtime 1620034494.0
File C:\Python39\Lib\site-packages\django\contrib\admin\utils.py first seen with mtime 1622016493.9496813
File C:\Python39\DLLs\_lzma.pyd first seen with mtime 1620034546.0
File C:\Python39\Lib\abc.py first seen with mtime 1620034494.0
File C:\Python39\Lib\asyncio\base_futures.py first seen with mtime 1620034494.0
File C:\Python39\Lib\site-packages\django\contrib\admin\templatetags\admin_urls.py first seen with mtime 1622016494.5383635
File C:\Python39\Lib\hashlib.py first seen with mtime 1620034494.0
File C:\Python39\Lib\site-packages\django\db\models\fields\proxy.py first seen with mtime 1622016496.880585
File C:\Python39\Lib\html\__init__.py first seen with mtime 1620034494.0
File C:\Python39\Lib\site-packages\django\contrib\admin\exceptions.py first seen with mtime 1622016493.941705
File C:\Python39\Lib\email\charset.py first seen with mtime 1620034494.0
File C:\Python39\Lib\site-packages\django\utils\dateparse.py first seen with mtime 1622016497.0182168
File C:\Python39\Lib\site-packages\django\contrib\contenttypes\forms.py first seen with mtime 1622016494.9943845
File C:\Python39\Lib\asyncio\windows_events.py first seen with mtime 1620034494.0
File C:\Python39\Lib\site-packages\django\template\context.py first seen with mtime 1622016496.9703448
File C:\Python39\Lib\site-packages\django\core\checks\registry.py first seen with mtime 1622016496.730656
File C:\Python39\Lib\site-packages\django\db\models\deletion.py first seen with mtime 1622016496.8686163
File C:\Python39\Lib\site-packages\django\contrib\contenttypes\admin.py first seen with mtime 1622016494.9914212
File C:\Python39\Lib\site-packages\django\template\loaders\filesystem.py first seen with mtime 1622016496.9902916
File C:\Python39\Lib\pickle.py first seen with mtime 1620034494.0
File C:\Python39\Lib\wsgiref\simple_server.py first seen with mtime 1620034496.0
File C:\Python39\Lib\site-packages\sqlparse\engine\statement_splitter.py first seen with mtime 1622016492.6003757
File C:\Python39\Lib\reprlib.py first seen with mtime 1620034494.0
File C:\Python39\Lib\email\base64mime.py first seen with mtime 1620034494.0
File C:\Python39\Lib\encodings\utf_8.py first seen with mtime 1620034494.0
File C:\Python39\Lib\site-packages\django\db\utils.py first seen with mtime 1622016496.7989144
File C:\Python39\Lib\site-packages\django\views\generic\list.py first seen with mtime 1622016497.0675585
File C:\Python39\Lib\site-packages\django\db\backends\sqlite3\operations.py first seen with mtime 1622016496.8417985
File C:\Python39\Lib\cgi.py first seen with mtime 1620034494.0
File C:\Python39\Lib\site-packages\django\contrib\sessions\models.py first seen with mtime 1622016496.2833836
File C:\Python39\Lib\genericpath.py first seen with mtime 1620034494.0
File C:\Python39\Lib\site-packages\django\templatetags\__init__.py first seen with mtime 1622016496.992286
File C:\Python39\Lib\ctypes\wintypes.py first seen with mtime 1620034494.0
File C:\Python39\Lib\site-packages\django\contrib\sessions\backends\__init__.py first seen with mtime 1622016496.2853787
File C:\Python39\Lib\site-packages\django\contrib\staticfiles\apps.py first seen with mtime 1622016496.697744
File C:\Python39\Lib\inspect.py first seen with mtime 1620034494.0
File C:\Python39\Lib\site-packages\django\core\files\locks.py first seen with mtime 1622016496.739632
File C:\Python39\Lib\site-packages\django\contrib\contenttypes\views.py first seen with mtime 1622016494.9973762
File C:\Python39\Lib\site-packages\django\contrib\sessions\middleware.py first seen with mtime 1622016496.2823865
File C:\Python39\Lib\site-packages\django\urls\utils.py first seen with mtime 1622016497.008243
File C:\Python39\Lib\site-packages\django\db\backends\base\base.py first seen with mtime 1622016496.803902
File C:\Python39\Lib\email\policy.py first seen with mtime 1620034494.0
File C:\Python39\Lib\site-packages\django\db\backends\sqlite3\schema.py first seen with mtime 1622016496.8427956
File C:\Python39\Lib\site-packages\django\views\i18n.py first seen with mtime 1622016497.0535965
File C:\Python39\Lib\site-packages\django\core\handlers\__init__.py first seen with mtime 1622016496.7456152
File C:\Python39\Lib\site-packages\django\utils\asyncio.py first seen with mtime 1622016497.0122325
File C:\Python39\Lib\site-packages\django\db\migrations\operations\fields.py first seen with mtime 1622016496.8607488
File C:\Python39\Lib\site-packages\django\core\files\utils.py first seen with mtime 1622016496.7456152
File C:\Python39\Lib\asyncio\queues.py first seen with mtime 1620034494.0
File C:\Python39\Lib\site-packages\django\contrib\admin\views\main.py first seen with mtime 1622016494.5433502
File C:\Python39\Lib\site-packages\django\db\migrations\__init__.py first seen with mtime 1622016496.8437927
File C:\Python39\Lib\asyncio\constants.py first seen with mtime 1620034494.0
File C:\Python39\Lib\site-packages\django\contrib\auth\middleware.py first seen with mtime 1622016494.7560942
File C:\Python39\Lib\contextvars.py first seen with mtime 1620034494.0
File C:\Python39\Lib\site-packages\django\core\management\commands\runserver.py first seen with mtime 1622016496.7769716
File C:\Python39\Lib\copyreg.py first seen with mtime 1620034494.0
File C:\Python39\Lib\email\generator.py first seen with mtime 1620034494.0
File C:\Python39\Lib\token.py first seen with mtime 1620034496.0
File C:\Python39\Lib\email\feedparser.py first seen with mtime 1620034494.0
File C:\Python39\Lib\email\mime\__init__.py first seen with mtime 1620034494.0
File C:\python_project\Scripts\hello_django\myhello\views.py first seen with mtime 1622049061.7853637
File C:\Python39\Lib\site-packages\django\views\generic\base.py first seen with mtime 1622016497.0645678
File C:\Python39\Lib\asyncio\futures.py first seen with mtime 1620034494.0
File C:\Python39\Lib\site-packages\django\views\generic\edit.py first seen with mtime 1622016497.0665617
File C:\Python39\Lib\site-packages\django\conf\urls\__init__.py first seen with mtime 1622016493.9337249
File C:\Python39\Lib\site-packages\django\contrib\admin\templatetags\__init__.py first seen with mtime 1622016494.5363693
File C:\Python39\Lib\copy.py first seen with mtime 1620034494.0
File C:\Python39\Lib\email\errors.py first seen with mtime 1620034494.0
File C:\Python39\Lib\site-packages\django\template\defaulttags.py first seen with mtime 1622016496.9743347
File C:\Python39\Lib\queue.py first seen with mtime 1620034494.0
File C:\Python39\Lib\site-packages\django\contrib\contenttypes\models.py first seen with mtime 1622016494.9953814
File C:\Python39\Lib\site-packages\django\apps\config.py first seen with mtime 1622016493.5766788
File C:\Python39\Lib\site-packages\django\core\checks\urls.py first seen with mtime 1622016496.7326503
File C:\Python39\Lib\tempfile.py first seen with mtime 1620034494.0
File C:\Python39\Lib\unittest\__init__.py first seen with mtime 1620034496.0
File C:\Python39\Lib\site-packages\sqlparse\filters\aligned_indent.py first seen with mtime 1622016492.6023476
File C:\Python39\Lib\site-packages\django\contrib\contenttypes\checks.py first seen with mtime 1622016494.9923904
File C:\Python39\Lib\site-packages\django\contrib\admin\templatetags\admin_modify.py first seen with mtime 1622016494.5383635
File C:\Python39\Lib\site-packages\django\db\models\functions\math.py first seen with mtime 1622016496.8885639
File C:\Python39\Lib\site-packages\django\db\models\sql\__init__.py first seen with mtime 1622016496.8925529
File C:\Python39\Lib\site-packages\django\template\loader.py first seen with mtime 1622016496.977326
File C:\Python39\Lib\site-packages\django\contrib\__init__.py first seen with mtime 1622016493.9367192
File C:\Python39\Lib\site-packages\django\db\models\sql\subqueries.py first seen with mtime 1622016496.8985364
File C:\Python39\Lib\site-packages\pytz\exceptions.py first seen with mtime 1622016492.842227
File C:\Python39\Lib\site-packages\django\dispatch\dispatcher.py first seen with mtime 1622016496.9015286
File C:\Python39\Lib\site-packages\django\contrib\sessions\apps.py first seen with mtime 1622016496.2793949
File C:\Python39\Lib\site-packages\django\template\library.py first seen with mtime 1622016496.9763288
File C:\python_project\Scripts\hello_django\myhello\models.py first seen with mtime 1622048440.3955202
File C:\Python39\Lib\urllib\request.py first seen with mtime 1620034496.0
File C:\Python39\Lib\site-packages\django\core\checks\__init__.py first seen with mtime 1622016496.7266667
File C:\Python39\Lib\unittest\suite.py first seen with mtime 1620034496.0
File C:\Python39\Lib\site-packages\django\template\loaders\__init__.py first seen with mtime 1622016496.9863024
File C:\Python39\Lib\site-packages\django\template\utils.py first seen with mtime 1622016496.9813156
File C:\Python39\Lib\site-packages\django\views\debug.py first seen with mtime 1622016497.0516016
File C:\Python39\Lib\site-packages\django\apps\registry.py first seen with mtime 1622016493.5776763
File C:\Python39\Lib\site-packages\django\db\models\fields\__init__.py first seen with mtime 1622016496.8775928
File C:\Python39\Lib\bz2.py first seen with mtime 1620034494.0
File C:\Python39\Lib\site-packages\django\template\exceptions.py first seen with mtime 1622016496.9753313
File C:\Python39\Lib\distutils\version.py first seen with mtime 1620034494.0
File C:\Python39\Lib\site-packages\django\forms\forms.py first seen with mtime 1622016496.905518
File C:\Python39\Lib\site-packages\django\db\backends\sqlite3\__init__.py first seen with mtime 1622016496.8368113
File C:\Python39\Lib\heapq.py first seen with mtime 1620034494.0
File C:\Python39\Lib\site-packages\django\core\files\uploadhandler.py first seen with mtime 1622016496.7446177
File C:\Python39\DLLs\_ssl.pyd first seen with mtime 1620034546.0
File C:\Python39\Lib\site-packages\django\utils\topological_sort.py first seen with mtime 1622016497.0411558
File C:\Python39\Lib\site-packages\django\views\decorators\csrf.py first seen with mtime 1622016497.0595825
File C:\Python39\Lib\site-packages\django\contrib\auth\apps.py first seen with mtime 1622016494.7481153
File C:\Python39\Lib\site-packages\django\contrib\messages\storage\__init__.py first seen with mtime 1622016495.896348
File C:\Python39\Lib\site-packages\django\db\models\constants.py first seen with mtime 1622016496.8667314
File C:\Python39\Lib\site-packages\django\db\__init__.py first seen with mtime 1622016496.7969377
File C:\Python39\Lib\site-packages\django\db\models\base.py first seen with mtime 1622016496.865734
File C:\Python39\Lib\site-packages\django\db\models\aggregates.py first seen with mtime 1622016496.8647368
File C:\Python39\Lib\site-packages\django\template\backends\__init__.py first seen with mtime 1622016496.9813156
File C:\Python39\Lib\site-packages\django\utils\decorators.py first seen with mtime 1622016497.021209
File C:\Python39\DLLs\_uuid.pyd first seen with mtime 1620034544.0
File C:\Python39\Lib\site-packages\django\db\models\functions\datetime.py first seen with mtime 1622016496.8885639
File C:\Python39\Lib\site-packages\django\db\migrations\operations\models.py first seen with mtime 1622016496.861746
File C:\Python39\Lib\site-packages\django\middleware\cache.py first seen with mtime 1622016496.9613688
File C:\Python39\Lib\site-packages\django\urls\__init__.py first seen with mtime 1622016497.0032566
File C:\Python39\Lib\site-packages\sqlparse\engine\__init__.py first seen with mtime 1622016492.597362
File C:\Python39\Lib\site-packages\django\utils\crypto.py first seen with mtime 1622016497.016222
File C:\Python39\Lib\mimetypes.py first seen with mtime 1620034494.0
File C:\python_project\Scripts\hello_django\hello_django\__init__.py first seen with mtime 1622048181.5267231
File C:\Python39\Lib\site-packages\django\utils\version.py first seen with mtime 1622016497.0431502
File C:\Python39\Lib\_collections_abc.py first seen with mtime 1620034494.0
File C:\Python39\Lib\socketserver.py first seen with mtime 1620034494.0
File C:\Python39\DLLs\_decimal.pyd first seen with mtime 1620034546.0
File C:\Python39\Lib\site-packages\django\utils\encoding.py first seen with mtime 1622016497.024201
File C:\Python39\Lib\site-packages\django\db\models\options.py first seen with mtime 1622016496.8726058
File C:\Python39\Lib\site-packages\asgiref\local.py first seen with mtime 1622016493.462153
File C:\Python39\Lib\operator.py first seen with mtime 1620034494.0
File C:\Python39\Lib\site-packages\sqlparse\filters\right_margin.py first seen with mtime 1622016492.6063366
File C:\Python39\Lib\socket.py first seen with mtime 1620034494.0
File C:\Python39\Lib\site-packages\django\contrib\messages\apps.py first seen with mtime 1622016495.890364
File C:\Python39\Lib\site-packages\django\db\models\manager.py first seen with mtime 1622016496.8716085
File C:\Python39\Lib\site-packages\asgiref\__init__.py first seen with mtime 1622016493.4591537
File C:\Python39\Lib\concurrent\futures\thread.py first seen with mtime 1620034494.0
File C:\Python39\Lib\fnmatch.py first seen with mtime 1620034494.0
File C:\Python39\DLLs\_hashlib.pyd first seen with mtime 1620034544.0
File C:\Python39\Lib\site-packages\django\contrib\admin\actions.py first seen with mtime 1622016493.9387164
File C:\Python39\Lib\asyncio\events.py first seen with mtime 1620034494.0
File C:\Python39\Lib\site-packages\django\core\handlers\wsgi.py first seen with mtime 1622016496.7496045
File C:\Python39\Lib\site-packages\django\db\backends\base\operations.py first seen with mtime 1622016496.8078892
File C:\Python39\Lib\selectors.py first seen with mtime 1620034494.0
File C:\Python39\Lib\site-packages\django\contrib\contenttypes\__init__.py first seen with mtime 1622016494.990434
File C:\Python39\Lib\traceback.py first seen with mtime 1620034496.0
File C:\Python39\Lib\asyncio\protocols.py first seen with mtime 1620034494.0
File C:\Python39\Lib\site-packages\django\contrib\contenttypes\migrations\__init__.py first seen with mtime 1622016495.184384
File C:\Python39\Lib\site-packages\django\contrib\contenttypes\migrations\0001_initial.py first seen with mtime 1622016495.1833868
File C:\Python39\Lib\site-packages\django\contrib\auth\migrations\__init__.py first seen with mtime 1622016494.9864054
File C:\Python39\Lib\site-packages\django\contrib\admin\migrations\0002_logentry_remove_auto_add.py first seen with mtime 1622016494.3785896
File C:\Python39\Lib\site-packages\django\middleware\clickjacking.py first seen with mtime 1622016496.9623663
File C:\Python39\Lib\encodings\idna.py first seen with mtime 1620034494.0
File C:\Python39\Lib\site-packages\django\contrib\auth\migrations\0011_update_proxy_permissions.py first seen with mtime 1622016494.985408
File C:\Python39\Lib\site-packages\django\contrib\admin\migrations\__init__.py first seen with mtime 1622016494.3795588
File C:\Python39\Lib\site-packages\django\contrib\admin\migrations\0001_initial.py first seen with mtime 1622016494.3775992
File C:\Python39\Lib\site-packages\django\contrib\admin\migrations\0003_logentry_add_action_flag_choices.py first seen with mtime 1622016494.3795588
File C:\Python39\Lib\site-packages\django\middleware\common.py first seen with mtime 1622016496.9633636
File C:\Python39\Lib\site-packages\django\contrib\auth\migrations\0009_alter_user_last_name_max_length.py first seen with mtime 1622016494.9834137
File C:\Python39\Lib\site-packages\django\contrib\sessions\migrations\__init__.py first seen with mtime 1622016496.4877112
File C:\Python39\Lib\site-packages\django\contrib\sessions\migrations\0001_initial.py first seen with mtime 1622016496.4867144
File C:\Python39\Lib\site-packages\django\contrib\sessions\backends\db.py first seen with mtime 1622016496.2883701
File C:\Python39\Lib\site-packages\django\contrib\sessions\exceptions.py first seen with mtime 1622016496.2813895
File C:\Python39\Lib\stringprep.py first seen with mtime 1620034494.0
File C:\Python39\Lib\site-packages\django\db\migrations\executor.py first seen with mtime 1622016496.8467848
File C:\Python39\Lib\site-packages\django\db\migrations\graph.py first seen with mtime 1622016496.8477826
File C:\Python39\Lib\site-packages\django\contrib\sessions\backends\base.py first seen with mtime 1622016496.2863755
File C:\Python39\Lib\site-packages\django\contrib\auth\migrations\0010_alter_group_name_max_length.py first seen with mtime 1622016494.9844112
File C:\Python39\Lib\site-packages\django\views\csrf.py first seen with mtime 1622016497.0506046
File C:\Python39\Lib\site-packages\django\contrib\auth\migrations\0004_alter_user_username_opts.py first seen with mtime 1622016494.9774296
File C:\Python39\Lib\site-packages\django\contrib\auth\migrations\0012_alter_user_first_name_max_length.py first seen with mtime 1622016494.9864054
File C:\Python39\Lib\site-packages\django\contrib\auth\migrations\0002_alter_permission_name_max_length.py first seen with mtime 1622016494.9764328
File C:\Python39\Lib\site-packages\django\contrib\auth\migrations\0007_alter_validators_add_error_messages.py first seen with mtime 1622016494.9814186
File C:\Python39\Lib\site-packages\django\contrib\auth\migrations\0001_initial.py first seen with mtime 1622016494.9754353
File C:\Python39\Lib\site-packages\django\contrib\auth\migrations\0006_require_contenttypes_0002.py first seen with mtime 1622016494.98043
File C:\python_project\Scripts\hello_django\hello_django\wsgi.py first seen with mtime 1622048181.5257542
File C:\python_project\Scripts\hello_django\myhello\migrations\__init__.py first seen with mtime 1622048440.409485
File C:\Python39\Lib\site-packages\django\contrib\auth\migrations\0008_alter_user_username_max_length.py first seen with mtime 1622016494.9824173
File C:\Python39\Lib\site-packages\django\contrib\messages\middleware.py first seen with mtime 1622016495.8933563
File C:\Python39\Lib\site-packages\django\db\migrations\recorder.py first seen with mtime 1622016496.8517716
File C:\Python39\Lib\site-packages\django\contrib\auth\migrations\0005_alter_user_last_login_null.py first seen with mtime 1622016494.9784274
File C:\Python39\Lib\site-packages\django\contrib\auth\migrations\0003_alter_user_email_max_length.py first seen with mtime 1622016494.9774296
File C:\Python39\Lib\site-packages\django\db\migrations\loader.py first seen with mtime 1622016496.8487797
File C:\Python39\Lib\site-packages\django\contrib\contenttypes\migrations\0002_remove_content_type_name.py first seen with mtime 1622016495.184384
"GET /myhello/ HTTP/1.1" 200 9
File C:\Python39\Lib\site-packages\django\contrib\messages\storage\cookie.py first seen with mtime 1622016495.8983424
File C:\Python39\Lib\site-packages\django\contrib\messages\utils.py first seen with mtime 1622016495.8943534
File C:\Python39\Lib\site-packages\django\contrib\messages\storage\base.py first seen with mtime 1622016495.897345
File C:\Python39\Lib\site-packages\django\contrib\messages\storage\session.py first seen with mtime 1622016495.8993397
File C:\Python39\Lib\site-packages\django\contrib\messages\storage\fallback.py first seen with mtime 1622016495.8993397
File C:\Python39\Lib\site-packages\django\contrib\sessions\serializers.py first seen with mtime 1622016496.2843819
